The system is: Linux - 3.10.0-1160.11.1.el7.x86_64 - x86_64
Compiling the C compiler identification source file "CMakeCCompilerId.c" succeeded.
Compiler: /apps/gcc/9.2.0/bin/gcc 
Build flags: 
Id flags:  

The output was:
0


Compilation of the C compiler identification source "CMakeCCompilerId.c" produced "a.out"

The C compiler identification is GNU, found in "/work/hallc/shms/wmhenry/medical/buildTPC/CMakeFiles/3.19.4/CompilerIdC/a.out"

Compiling the CXX compiler identification source file "CMakeCXXCompilerId.cpp" succeeded.
Compiler: /apps/gcc/9.2.0/bin/g++ 
Build flags: 
Id flags:  

The output was:
0


Compilation of the CXX compiler identification source "CMakeCXXCompilerId.cpp" produced "a.out"

The CXX compiler identification is GNU, found in "/work/hallc/shms/wmhenry/medical/buildTPC/CMakeFiles/3.19.4/CompilerIdCXX/a.out"

Detecting C compiler ABI info compiled with the following output:
Change Dir: /work/hallc/shms/wmhenry/medical/buildTPC/CMakeFiles/CMakeTmp

Run Build Command(s):/usr/bin/gmake cmTC_e64bd/fast && /usr/bin/gmake  -f CMakeFiles/cmTC_e64bd.dir/build.make CMakeFiles/cmTC_e64bd.dir/build
gmake[1]: Entering directory `/w/hallc-scshelf2102/shms/wmhenry/medical/buildTPC/CMakeFiles/CMakeTmp'
Building C object CMakeFiles/cmTC_e64bd.dir/CMakeCCompilerABI.c.o
/apps/gcc/9.2.0/bin/gcc   -v -o CMakeFiles/cmTC_e64bd.dir/CMakeCCompilerABI.c.o -c /u/apps/cmake/3.19.4/share/cmake-3.19/Modules/CMakeCCompilerABI.c
Using built-in specs.
COLLECT_GCC=/apps/gcc/9.2.0/bin/gcc
Target: x86_64-pc-linux-gnu
Configured with: ../gcc-9.2.0/configure --prefix=/apps/gcc/9.2.0 --with-gmp=/apps/gmp --with-mpfr=/apps/mpfr --with-mpc=/apps/mpc --with-isl=/apps/isl/0.16 --enable-languages=c,c++,fortran
Thread model: posix
gcc version 9.2.0 (GCC) 
COLLECT_GCC_OPTIONS='-v' '-o' 'CMakeFiles/cmTC_e64bd.dir/CMakeCCompilerABI.c.o' '-c' '-mtune=generic' '-march=x86-64'
 /u/apps/gcc/9.2.0/bin/../libexec/gcc/x86_64-pc-linux-gnu/9.2.0/cc1 -quiet -v -iprefix /u/apps/gcc/9.2.0/bin/../lib/gcc/x86_64-pc-linux-gnu/9.2.0/ /u/apps/cmake/3.19.4/share/cmake-3.19/Modules/CMakeCCompilerABI.c -quiet -dumpbase CMakeCCompilerABI.c -mtune=generic -march=x86-64 -auxbase-strip CMakeFiles/cmTC_e64bd.dir/CMakeCCompilerABI.c.o -version -o /tmp/ccbTt9bw.s
GNU C17 (GCC) version 9.2.0 (x86_64-pc-linux-gnu)
	compiled by GNU C version 9.2.0, GMP version 4.3.2, MPFR version 2.4.2, MPC version 0.8.1, isl version isl-0.16.1-GMP

GGC heuristics: --param ggc-min-expand=100 --param ggc-min-heapsize=131072
ignoring nonexistent directory "/u/apps/gcc/9.2.0/bin/../lib/gcc/x86_64-pc-linux-gnu/9.2.0/../../../../x86_64-pc-linux-gnu/include"
ignoring duplicate directory "/u/apps/gcc/9.2.0/bin/../lib/gcc/../../lib/gcc/x86_64-pc-linux-gnu/9.2.0/include"
ignoring duplicate directory "/u/apps/gcc/9.2.0/bin/../lib/gcc/../../lib/gcc/x86_64-pc-linux-gnu/9.2.0/include-fixed"
ignoring nonexistent directory "/u/apps/gcc/9.2.0/bin/../lib/gcc/../../lib/gcc/x86_64-pc-linux-gnu/9.2.0/../../../../x86_64-pc-linux-gnu/include"
#include "..." search starts here:
#include <...> search starts here:
 /u/apps/gcc/9.2.0/bin/../lib/gcc/x86_64-pc-linux-gnu/9.2.0/include
 /u/apps/gcc/9.2.0/bin/../lib/gcc/x86_64-pc-linux-gnu/9.2.0/include-fixed
 /usr/local/include
 /u/apps/gcc/9.2.0/bin/../lib/gcc/../../include
 /usr/include
End of search list.
GNU C17 (GCC) version 9.2.0 (x86_64-pc-linux-gnu)
	compiled by GNU C version 9.2.0, GMP version 4.3.2, MPFR version 2.4.2, MPC version 0.8.1, isl version isl-0.16.1-GMP

GGC heuristics: --param ggc-min-expand=100 --param ggc-min-heapsize=131072
Compiler executable checksum: 2f35dcadb06083d3b3e3160770eea4e5
COLLECT_GCC_OPTIONS='-v' '-o' 'CMakeFiles/cmTC_e64bd.dir/CMakeCCompilerABI.c.o' '-c' '-mtune=generic' '-march=x86-64'
 as -v --64 -o CMakeFiles/cmTC_e64bd.dir/CMakeCCompilerABI.c.o /tmp/ccbTt9bw.s
GNU assembler version 2.27 (x86_64-redhat-linux) using BFD version version 2.27-44.base.el7
COMPILER_PATH=/u/apps/gcc/9.2.0/bin/../libexec/gcc/x86_64-pc-linux-gnu/9.2.0/:/u/apps/gcc/9.2.0/bin/../libexec/gcc/
LIBRARY_PATH=/u/apps/gcc/9.2.0/bin/../lib/gcc/x86_64-pc-linux-gnu/9.2.0/:/u/apps/gcc/9.2.0/bin/../lib/gcc/:/u/apps/gcc/9.2.0/bin/../lib/gcc/x86_64-pc-linux-gnu/9.2.0/../../../../lib64/:/lib/../lib64/:/usr/lib/../lib64/:/u/apps/gcc/9.2.0/bin/../lib/gcc/x86_64-pc-linux-gnu/9.2.0/../../../:/lib/:/usr/lib/
COLLECT_GCC_OPTIONS='-v' '-o' 'CMakeFiles/cmTC_e64bd.dir/CMakeCCompilerABI.c.o' '-c' '-mtune=generic' '-march=x86-64'
Linking C executable cmTC_e64bd
/u/apps/cmake/3.19.4/bin/cmake -E cmake_link_script CMakeFiles/cmTC_e64bd.dir/link.txt --verbose=1
/apps/gcc/9.2.0/bin/gcc  -v -rdynamic CMakeFiles/cmTC_e64bd.dir/CMakeCCompilerABI.c.o -o cmTC_e64bd 
Using built-in specs.
COLLECT_GCC=/apps/gcc/9.2.0/bin/gcc
COLLECT_LTO_WRAPPER=/u/apps/gcc/9.2.0/bin/../libexec/gcc/x86_64-pc-linux-gnu/9.2.0/lto-wrapper
Target: x86_64-pc-linux-gnu
Configured with: ../gcc-9.2.0/configure --prefix=/apps/gcc/9.2.0 --with-gmp=/apps/gmp --with-mpfr=/apps/mpfr --with-mpc=/apps/mpc --with-isl=/apps/isl/0.16 --enable-languages=c,c++,fortran
Thread model: posix
gcc version 9.2.0 (GCC) 
COMPILER_PATH=/u/apps/gcc/9.2.0/bin/../libexec/gcc/x86_64-pc-linux-gnu/9.2.0/:/u/apps/gcc/9.2.0/bin/../libexec/gcc/
LIBRARY_PATH=/u/apps/gcc/9.2.0/bin/../lib/gcc/x86_64-pc-linux-gnu/9.2.0/:/u/apps/gcc/9.2.0/bin/../lib/gcc/:/u/apps/gcc/9.2.0/bin/../lib/gcc/x86_64-pc-linux-gnu/9.2.0/../../../../lib64/:/lib/../lib64/:/usr/lib/../lib64/:/u/apps/gcc/9.2.0/bin/../lib/gcc/x86_64-pc-linux-gnu/9.2.0/../../../:/lib/:/usr/lib/
COLLECT_GCC_OPTIONS='-v' '-rdynamic' '-o' 'cmTC_e64bd' '-mtune=generic' '-march=x86-64'
 /u/apps/gcc/9.2.0/bin/../libexec/gcc/x86_64-pc-linux-gnu/9.2.0/collect2 -plugin /u/apps/gcc/9.2.0/bin/../libexec/gcc/x86_64-pc-linux-gnu/9.2.0/liblto_plugin.so -plugin-opt=/u/apps/gcc/9.2.0/bin/../libexec/gcc/x86_64-pc-linux-gnu/9.2.0/lto-wrapper -plugin-opt=-fresolution=/tmp/ccYMkuXA.res -plugin-opt=-pass-through=-lgcc -plugin-opt=-pass-through=-lgcc_s -plugin-opt=-pass-through=-lc -plugin-opt=-pass-through=-lgcc -plugin-opt=-pass-through=-lgcc_s --eh-frame-hdr -m elf_x86_64 -export-dynamic -dynamic-linker /lib64/ld-linux-x86-64.so.2 -o cmTC_e64bd /lib/../lib64/crt1.o /lib/../lib64/crti.o /u/apps/gcc/9.2.0/bin/../lib/gcc/x86_64-pc-linux-gnu/9.2.0/crtbegin.o -L/u/apps/gcc/9.2.0/bin/../lib/gcc/x86_64-pc-linux-gnu/9.2.0 -L/u/apps/gcc/9.2.0/bin/../lib/gcc -L/u/apps/gcc/9.2.0/bin/../lib/gcc/x86_64-pc-linux-gnu/9.2.0/../../../../lib64 -L/lib/../lib64 -L/usr/lib/../lib64 -L/u/apps/gcc/9.2.0/bin/../lib/gcc/x86_64-pc-linux-gnu/9.2.0/../../.. CMakeFiles/cmTC_e64bd.dir/CMakeCCompilerABI.c.o -lgcc --as-needed -lgcc_s --no-as-needed -lc -lgcc --as-needed -lgcc_s --no-as-needed /u/apps/gcc/9.2.0/bin/../lib/gcc/x86_64-pc-linux-gnu/9.2.0/crtend.o /lib/../lib64/crtn.o
COLLECT_GCC_OPTIONS='-v' '-rdynamic' '-o' 'cmTC_e64bd' '-mtune=generic' '-march=x86-64'
gmake[1]: Leaving directory `/w/hallc-scshelf2102/shms/wmhenry/medical/buildTPC/CMakeFiles/CMakeTmp'



Parsed C implicit include dir info from above output: rv=done
  found start of include info
  found start of implicit include info
    add: [/u/apps/gcc/9.2.0/bin/../lib/gcc/x86_64-pc-linux-gnu/9.2.0/include]
    add: [/u/apps/gcc/9.2.0/bin/../lib/gcc/x86_64-pc-linux-gnu/9.2.0/include-fixed]
    add: [/usr/local/include]
    add: [/u/apps/gcc/9.2.0/bin/../lib/gcc/../../include]
    add: [/usr/include]
  end of search list found
  collapse include dir [/u/apps/gcc/9.2.0/bin/../lib/gcc/x86_64-pc-linux-gnu/9.2.0/include] ==> [/u/apps/gcc/9.2.0/lib/gcc/x86_64-pc-linux-gnu/9.2.0/include]
  collapse include dir [/u/apps/gcc/9.2.0/bin/../lib/gcc/x86_64-pc-linux-gnu/9.2.0/include-fixed] ==> [/u/apps/gcc/9.2.0/lib/gcc/x86_64-pc-linux-gnu/9.2.0/include-fixed]
  collapse include dir [/usr/local/include] ==> [/usr/local/include]
  collapse include dir [/u/apps/gcc/9.2.0/bin/../lib/gcc/../../include] ==> [/u/apps/gcc/9.2.0/include]
  collapse include dir [/usr/include] ==> [/usr/include]
  implicit include dirs: [/u/apps/gcc/9.2.0/lib/gcc/x86_64-pc-linux-gnu/9.2.0/include;/u/apps/gcc/9.2.0/lib/gcc/x86_64-pc-linux-gnu/9.2.0/include-fixed;/usr/local/include;/u/apps/gcc/9.2.0/include;/usr/include]


Parsed C implicit link information from above output:
  link line regex: [^( *|.*[/\])(ld|CMAKE_LINK_STARTFILE-NOTFOUND|([^/\]+-)?ld|collect2)[^/\]*( |$)]
  ignore line: [Change Dir: /work/hallc/shms/wmhenry/medical/buildTPC/CMakeFiles/CMakeTmp]
  ignore line: []
  ignore line: [Run Build Command(s):/usr/bin/gmake cmTC_e64bd/fast && /usr/bin/gmake  -f CMakeFiles/cmTC_e64bd.dir/build.make CMakeFiles/cmTC_e64bd.dir/build]
  ignore line: [gmake[1]: Entering directory `/w/hallc-scshelf2102/shms/wmhenry/medical/buildTPC/CMakeFiles/CMakeTmp']
  ignore line: [Building C object CMakeFiles/cmTC_e64bd.dir/CMakeCCompilerABI.c.o]
  ignore line: [/apps/gcc/9.2.0/bin/gcc   -v -o CMakeFiles/cmTC_e64bd.dir/CMakeCCompilerABI.c.o -c /u/apps/cmake/3.19.4/share/cmake-3.19/Modules/CMakeCCompilerABI.c]
  ignore line: [Using built-in specs.]
  ignore line: [COLLECT_GCC=/apps/gcc/9.2.0/bin/gcc]
  ignore line: [Target: x86_64-pc-linux-gnu]
  ignore line: [Configured with: ../gcc-9.2.0/configure --prefix=/apps/gcc/9.2.0 --with-gmp=/apps/gmp --with-mpfr=/apps/mpfr --with-mpc=/apps/mpc --with-isl=/apps/isl/0.16 --enable-languages=c c++ fortran]
  ignore line: [Thread model: posix]
  ignore line: [gcc version 9.2.0 (GCC) ]
  ignore line: [COLLECT_GCC_OPTIONS='-v' '-o' 'CMakeFiles/cmTC_e64bd.dir/CMakeCCompilerABI.c.o' '-c' '-mtune=generic' '-march=x86-64']
  ignore line: [ /u/apps/gcc/9.2.0/bin/../libexec/gcc/x86_64-pc-linux-gnu/9.2.0/cc1 -quiet -v -iprefix /u/apps/gcc/9.2.0/bin/../lib/gcc/x86_64-pc-linux-gnu/9.2.0/ /u/apps/cmake/3.19.4/share/cmake-3.19/Modules/CMakeCCompilerABI.c -quiet -dumpbase CMakeCCompilerABI.c -mtune=generic -march=x86-64 -auxbase-strip CMakeFiles/cmTC_e64bd.dir/CMakeCCompilerABI.c.o -version -o /tmp/ccbTt9bw.s]
  ignore line: [GNU C17 (GCC) version 9.2.0 (x86_64-pc-linux-gnu)]
  ignore line: [	compiled by GNU C version 9.2.0  GMP version 4.3.2  MPFR version 2.4.2  MPC version 0.8.1  isl version isl-0.16.1-GMP]
  ignore line: []
  ignore line: [GGC heuristics: --param ggc-min-expand=100 --param ggc-min-heapsize=131072]
  ignore line: [ignoring nonexistent directory "/u/apps/gcc/9.2.0/bin/../lib/gcc/x86_64-pc-linux-gnu/9.2.0/../../../../x86_64-pc-linux-gnu/include"]
  ignore line: [ignoring duplicate directory "/u/apps/gcc/9.2.0/bin/../lib/gcc/../../lib/gcc/x86_64-pc-linux-gnu/9.2.0/include"]
  ignore line: [ignoring duplicate directory "/u/apps/gcc/9.2.0/bin/../lib/gcc/../../lib/gcc/x86_64-pc-linux-gnu/9.2.0/include-fixed"]
  ignore line: [ignoring nonexistent directory "/u/apps/gcc/9.2.0/bin/../lib/gcc/../../lib/gcc/x86_64-pc-linux-gnu/9.2.0/../../../../x86_64-pc-linux-gnu/include"]
  ignore line: [#include "..." search starts here:]
  ignore line: [#include <...> search starts here:]
  ignore line: [ /u/apps/gcc/9.2.0/bin/../lib/gcc/x86_64-pc-linux-gnu/9.2.0/include]
  ignore line: [ /u/apps/gcc/9.2.0/bin/../lib/gcc/x86_64-pc-linux-gnu/9.2.0/include-fixed]
  ignore line: [ /usr/local/include]
  ignore line: [ /u/apps/gcc/9.2.0/bin/../lib/gcc/../../include]
  ignore line: [ /usr/include]
  ignore line: [End of search list.]
  ignore line: [GNU C17 (GCC) version 9.2.0 (x86_64-pc-linux-gnu)]
  ignore line: [	compiled by GNU C version 9.2.0  GMP version 4.3.2  MPFR version 2.4.2  MPC version 0.8.1  isl version isl-0.16.1-GMP]
  ignore line: []
  ignore line: [GGC heuristics: --param ggc-min-expand=100 --param ggc-min-heapsize=131072]
  ignore line: [Compiler executable checksum: 2f35dcadb06083d3b3e3160770eea4e5]
  ignore line: [COLLECT_GCC_OPTIONS='-v' '-o' 'CMakeFiles/cmTC_e64bd.dir/CMakeCCompilerABI.c.o' '-c' '-mtune=generic' '-march=x86-64']
  ignore line: [ as -v --64 -o CMakeFiles/cmTC_e64bd.dir/CMakeCCompilerABI.c.o /tmp/ccbTt9bw.s]
  ignore line: [GNU assembler version 2.27 (x86_64-redhat-linux) using BFD version version 2.27-44.base.el7]
  ignore line: [COMPILER_PATH=/u/apps/gcc/9.2.0/bin/../libexec/gcc/x86_64-pc-linux-gnu/9.2.0/:/u/apps/gcc/9.2.0/bin/../libexec/gcc/]
  ignore line: [LIBRARY_PATH=/u/apps/gcc/9.2.0/bin/../lib/gcc/x86_64-pc-linux-gnu/9.2.0/:/u/apps/gcc/9.2.0/bin/../lib/gcc/:/u/apps/gcc/9.2.0/bin/../lib/gcc/x86_64-pc-linux-gnu/9.2.0/../../../../lib64/:/lib/../lib64/:/usr/lib/../lib64/:/u/apps/gcc/9.2.0/bin/../lib/gcc/x86_64-pc-linux-gnu/9.2.0/../../../:/lib/:/usr/lib/]
  ignore line: [COLLECT_GCC_OPTIONS='-v' '-o' 'CMakeFiles/cmTC_e64bd.dir/CMakeCCompilerABI.c.o' '-c' '-mtune=generic' '-march=x86-64']
  ignore line: [Linking C executable cmTC_e64bd]
  ignore line: [/u/apps/cmake/3.19.4/bin/cmake -E cmake_link_script CMakeFiles/cmTC_e64bd.dir/link.txt --verbose=1]
  ignore line: [/apps/gcc/9.2.0/bin/gcc  -v -rdynamic CMakeFiles/cmTC_e64bd.dir/CMakeCCompilerABI.c.o -o cmTC_e64bd ]
  ignore line: [Using built-in specs.]
  ignore line: [COLLECT_GCC=/apps/gcc/9.2.0/bin/gcc]
  ignore line: [COLLECT_LTO_WRAPPER=/u/apps/gcc/9.2.0/bin/../libexec/gcc/x86_64-pc-linux-gnu/9.2.0/lto-wrapper]
  ignore line: [Target: x86_64-pc-linux-gnu]
  ignore line: [Configured with: ../gcc-9.2.0/configure --prefix=/apps/gcc/9.2.0 --with-gmp=/apps/gmp --with-mpfr=/apps/mpfr --with-mpc=/apps/mpc --with-isl=/apps/isl/0.16 --enable-languages=c c++ fortran]
  ignore line: [Thread model: posix]
  ignore line: [gcc version 9.2.0 (GCC) ]
  ignore line: [COMPILER_PATH=/u/apps/gcc/9.2.0/bin/../libexec/gcc/x86_64-pc-linux-gnu/9.2.0/:/u/apps/gcc/9.2.0/bin/../libexec/gcc/]
  ignore line: [LIBRARY_PATH=/u/apps/gcc/9.2.0/bin/../lib/gcc/x86_64-pc-linux-gnu/9.2.0/:/u/apps/gcc/9.2.0/bin/../lib/gcc/:/u/apps/gcc/9.2.0/bin/../lib/gcc/x86_64-pc-linux-gnu/9.2.0/../../../../lib64/:/lib/../lib64/:/usr/lib/../lib64/:/u/apps/gcc/9.2.0/bin/../lib/gcc/x86_64-pc-linux-gnu/9.2.0/../../../:/lib/:/usr/lib/]
  ignore line: [COLLECT_GCC_OPTIONS='-v' '-rdynamic' '-o' 'cmTC_e64bd' '-mtune=generic' '-march=x86-64']
  link line: [ /u/apps/gcc/9.2.0/bin/../libexec/gcc/x86_64-pc-linux-gnu/9.2.0/collect2 -plugin /u/apps/gcc/9.2.0/bin/../libexec/gcc/x86_64-pc-linux-gnu/9.2.0/liblto_plugin.so -plugin-opt=/u/apps/gcc/9.2.0/bin/../libexec/gcc/x86_64-pc-linux-gnu/9.2.0/lto-wrapper -plugin-opt=-fresolution=/tmp/ccYMkuXA.res -plugin-opt=-pass-through=-lgcc -plugin-opt=-pass-through=-lgcc_s -plugin-opt=-pass-through=-lc -plugin-opt=-pass-through=-lgcc -plugin-opt=-pass-through=-lgcc_s --eh-frame-hdr -m elf_x86_64 -export-dynamic -dynamic-linker /lib64/ld-linux-x86-64.so.2 -o cmTC_e64bd /lib/../lib64/crt1.o /lib/../lib64/crti.o /u/apps/gcc/9.2.0/bin/../lib/gcc/x86_64-pc-linux-gnu/9.2.0/crtbegin.o -L/u/apps/gcc/9.2.0/bin/../lib/gcc/x86_64-pc-linux-gnu/9.2.0 -L/u/apps/gcc/9.2.0/bin/../lib/gcc -L/u/apps/gcc/9.2.0/bin/../lib/gcc/x86_64-pc-linux-gnu/9.2.0/../../../../lib64 -L/lib/../lib64 -L/usr/lib/../lib64 -L/u/apps/gcc/9.2.0/bin/../lib/gcc/x86_64-pc-linux-gnu/9.2.0/../../.. CMakeFiles/cmTC_e64bd.dir/CMakeCCompilerABI.c.o -lgcc --as-needed -lgcc_s --no-as-needed -lc -lgcc --as-needed -lgcc_s --no-as-needed /u/apps/gcc/9.2.0/bin/../lib/gcc/x86_64-pc-linux-gnu/9.2.0/crtend.o /lib/../lib64/crtn.o]
    arg [/u/apps/gcc/9.2.0/bin/../libexec/gcc/x86_64-pc-linux-gnu/9.2.0/collect2] ==> ignore
    arg [-plugin] ==> ignore
    arg [/u/apps/gcc/9.2.0/bin/../libexec/gcc/x86_64-pc-linux-gnu/9.2.0/liblto_plugin.so] ==> ignore
    arg [-plugin-opt=/u/apps/gcc/9.2.0/bin/../libexec/gcc/x86_64-pc-linux-gnu/9.2.0/lto-wrapper] ==> ignore
    arg [-plugin-opt=-fresolution=/tmp/ccYMkuXA.res] ==> ignore
    arg [-plugin-opt=-pass-through=-lgcc] ==> ignore
    arg [-plugin-opt=-pass-through=-lgcc_s] ==> ignore
    arg [-plugin-opt=-pass-through=-lc] ==> ignore
    arg [-plugin-opt=-pass-through=-lgcc] ==> ignore
    arg [-plugin-opt=-pass-through=-lgcc_s] ==> ignore
    arg [--eh-frame-hdr] ==> ignore
    arg [-m] ==> ignore
    arg [elf_x86_64] ==> ignore
    arg [-export-dynamic] ==> ignore
    arg [-dynamic-linker] ==> ignore
    arg [/lib64/ld-linux-x86-64.so.2] ==> ignore
    arg [-o] ==> ignore
    arg [cmTC_e64bd] ==> ignore
    arg [/lib/../lib64/crt1.o] ==> ignore
    arg [/lib/../lib64/crti.o] ==> ignore
    arg [/u/apps/gcc/9.2.0/bin/../lib/gcc/x86_64-pc-linux-gnu/9.2.0/crtbegin.o] ==> ignore
    arg [-L/u/apps/gcc/9.2.0/bin/../lib/gcc/x86_64-pc-linux-gnu/9.2.0] ==> dir [/u/apps/gcc/9.2.0/bin/../lib/gcc/x86_64-pc-linux-gnu/9.2.0]
    arg [-L/u/apps/gcc/9.2.0/bin/../lib/gcc] ==> dir [/u/apps/gcc/9.2.0/bin/../lib/gcc]
    arg [-L/u/apps/gcc/9.2.0/bin/../lib/gcc/x86_64-pc-linux-gnu/9.2.0/../../../../lib64] ==> dir [/u/apps/gcc/9.2.0/bin/../lib/gcc/x86_64-pc-linux-gnu/9.2.0/../../../../lib64]
    arg [-L/lib/../lib64] ==> dir [/lib/../lib64]
    arg [-L/usr/lib/../lib64] ==> dir [/usr/lib/../lib64]
    arg [-L/u/apps/gcc/9.2.0/bin/../lib/gcc/x86_64-pc-linux-gnu/9.2.0/../../..] ==> dir [/u/apps/gcc/9.2.0/bin/../lib/gcc/x86_64-pc-linux-gnu/9.2.0/../../..]
    arg [CMakeFiles/cmTC_e64bd.dir/CMakeCCompilerABI.c.o] ==> ignore
    arg [-lgcc] ==> lib [gcc]
    arg [--as-needed] ==> ignore
    arg [-lgcc_s] ==> lib [gcc_s]
    arg [--no-as-needed] ==> ignore
    arg [-lc] ==> lib [c]
    arg [-lgcc] ==> lib [gcc]
    arg [--as-needed] ==> ignore
    arg [-lgcc_s] ==> lib [gcc_s]
    arg [--no-as-needed] ==> ignore
    arg [/u/apps/gcc/9.2.0/bin/../lib/gcc/x86_64-pc-linux-gnu/9.2.0/crtend.o] ==> ignore
    arg [/lib/../lib64/crtn.o] ==> ignore
  collapse library dir [/u/apps/gcc/9.2.0/bin/../lib/gcc/x86_64-pc-linux-gnu/9.2.0] ==> [/u/apps/gcc/9.2.0/lib/gcc/x86_64-pc-linux-gnu/9.2.0]
  collapse library dir [/u/apps/gcc/9.2.0/bin/../lib/gcc] ==> [/u/apps/gcc/9.2.0/lib/gcc]
  collapse library dir [/u/apps/gcc/9.2.0/bin/../lib/gcc/x86_64-pc-linux-gnu/9.2.0/../../../../lib64] ==> [/u/apps/gcc/9.2.0/lib64]
  collapse library dir [/lib/../lib64] ==> [/lib64]
  collapse library dir [/usr/lib/../lib64] ==> [/usr/lib64]
  collapse library dir [/u/apps/gcc/9.2.0/bin/../lib/gcc/x86_64-pc-linux-gnu/9.2.0/../../..] ==> [/u/apps/gcc/9.2.0/lib]
  implicit libs: [gcc;gcc_s;c;gcc;gcc_s]
  implicit dirs: [/u/apps/gcc/9.2.0/lib/gcc/x86_64-pc-linux-gnu/9.2.0;/u/apps/gcc/9.2.0/lib/gcc;/u/apps/gcc/9.2.0/lib64;/lib64;/usr/lib64;/u/apps/gcc/9.2.0/lib]
  implicit fwks: []


Detecting CXX compiler ABI info compiled with the following output:
Change Dir: /work/hallc/shms/wmhenry/medical/buildTPC/CMakeFiles/CMakeTmp

Run Build Command(s):/usr/bin/gmake cmTC_970ba/fast && /usr/bin/gmake  -f CMakeFiles/cmTC_970ba.dir/build.make CMakeFiles/cmTC_970ba.dir/build
gmake[1]: Entering directory `/w/hallc-scshelf2102/shms/wmhenry/medical/buildTPC/CMakeFiles/CMakeTmp'
Building CXX object CMakeFiles/cmTC_970ba.dir/CMakeCXXCompilerABI.cpp.o
/apps/gcc/9.2.0/bin/g++   -v -o CMakeFiles/cmTC_970ba.dir/CMakeCXXCompilerABI.cpp.o -c /u/apps/cmake/3.19.4/share/cmake-3.19/Modules/CMakeCXXCompilerABI.cpp
Using built-in specs.
COLLECT_GCC=/apps/gcc/9.2.0/bin/g++
Target: x86_64-pc-linux-gnu
Configured with: ../gcc-9.2.0/configure --prefix=/apps/gcc/9.2.0 --with-gmp=/apps/gmp --with-mpfr=/apps/mpfr --with-mpc=/apps/mpc --with-isl=/apps/isl/0.16 --enable-languages=c,c++,fortran
Thread model: posix
gcc version 9.2.0 (GCC) 
COLLECT_GCC_OPTIONS='-v' '-o' 'CMakeFiles/cmTC_970ba.dir/CMakeCXXCompilerABI.cpp.o' '-c' '-shared-libgcc' '-mtune=generic' '-march=x86-64'
 /u/apps/gcc/9.2.0/bin/../libexec/gcc/x86_64-pc-linux-gnu/9.2.0/cc1plus -quiet -v -iprefix /u/apps/gcc/9.2.0/bin/../lib/gcc/x86_64-pc-linux-gnu/9.2.0/ -D_GNU_SOURCE /u/apps/cmake/3.19.4/share/cmake-3.19/Modules/CMakeCXXCompilerABI.cpp -quiet -dumpbase CMakeCXXCompilerABI.cpp -mtune=generic -march=x86-64 -auxbase-strip CMakeFiles/cmTC_970ba.dir/CMakeCXXCompilerABI.cpp.o -version -o /tmp/ccE2FZLK.s
GNU C++14 (GCC) version 9.2.0 (x86_64-pc-linux-gnu)
	compiled by GNU C version 9.2.0, GMP version 4.3.2, MPFR version 2.4.2, MPC version 0.8.1, isl version isl-0.16.1-GMP

GGC heuristics: --param ggc-min-expand=100 --param ggc-min-heapsize=131072
ignoring nonexistent directory "/u/apps/gcc/9.2.0/bin/../lib/gcc/x86_64-pc-linux-gnu/9.2.0/../../../../x86_64-pc-linux-gnu/include"
ignoring duplicate directory "/u/apps/gcc/9.2.0/bin/../lib/gcc/../../lib/gcc/x86_64-pc-linux-gnu/9.2.0/../../../../include/c++/9.2.0"
ignoring duplicate directory "/u/apps/gcc/9.2.0/bin/../lib/gcc/../../lib/gcc/x86_64-pc-linux-gnu/9.2.0/../../../../include/c++/9.2.0/x86_64-pc-linux-gnu"
ignoring duplicate directory "/u/apps/gcc/9.2.0/bin/../lib/gcc/../../lib/gcc/x86_64-pc-linux-gnu/9.2.0/../../../../include/c++/9.2.0/backward"
ignoring duplicate directory "/u/apps/gcc/9.2.0/bin/../lib/gcc/../../lib/gcc/x86_64-pc-linux-gnu/9.2.0/include"
ignoring duplicate directory "/u/apps/gcc/9.2.0/bin/../lib/gcc/../../lib/gcc/x86_64-pc-linux-gnu/9.2.0/include-fixed"
ignoring nonexistent directory "/u/apps/gcc/9.2.0/bin/../lib/gcc/../../lib/gcc/x86_64-pc-linux-gnu/9.2.0/../../../../x86_64-pc-linux-gnu/include"
#include "..." search starts here:
#include <...> search starts here:
 /u/apps/gcc/9.2.0/bin/../lib/gcc/x86_64-pc-linux-gnu/9.2.0/../../../../include/c++/9.2.0
 /u/apps/gcc/9.2.0/bin/../lib/gcc/x86_64-pc-linux-gnu/9.2.0/../../../../include/c++/9.2.0/x86_64-pc-linux-gnu
 /u/apps/gcc/9.2.0/bin/../lib/gcc/x86_64-pc-linux-gnu/9.2.0/../../../../include/c++/9.2.0/backward
 /u/apps/gcc/9.2.0/bin/../lib/gcc/x86_64-pc-linux-gnu/9.2.0/include
 /u/apps/gcc/9.2.0/bin/../lib/gcc/x86_64-pc-linux-gnu/9.2.0/include-fixed
 /usr/local/include
 /u/apps/gcc/9.2.0/bin/../lib/gcc/../../include
 /usr/include
End of search list.
GNU C++14 (GCC) version 9.2.0 (x86_64-pc-linux-gnu)
	compiled by GNU C version 9.2.0, GMP version 4.3.2, MPFR version 2.4.2, MPC version 0.8.1, isl version isl-0.16.1-GMP

GGC heuristics: --param ggc-min-expand=100 --param ggc-min-heapsize=131072
Compiler executable checksum: 0f52fce72fd3b0620fa598b4cb30be62
COLLECT_GCC_OPTIONS='-v' '-o' 'CMakeFiles/cmTC_970ba.dir/CMakeCXXCompilerABI.cpp.o' '-c' '-shared-libgcc' '-mtune=generic' '-march=x86-64'
 as -v --64 -o CMakeFiles/cmTC_970ba.dir/CMakeCXXCompilerABI.cpp.o /tmp/ccE2FZLK.s
GNU assembler version 2.27 (x86_64-redhat-linux) using BFD version version 2.27-44.base.el7
COMPILER_PATH=/u/apps/gcc/9.2.0/bin/../libexec/gcc/x86_64-pc-linux-gnu/9.2.0/:/u/apps/gcc/9.2.0/bin/../libexec/gcc/
LIBRARY_PATH=/u/apps/gcc/9.2.0/bin/../lib/gcc/x86_64-pc-linux-gnu/9.2.0/:/u/apps/gcc/9.2.0/bin/../lib/gcc/:/u/apps/gcc/9.2.0/bin/../lib/gcc/x86_64-pc-linux-gnu/9.2.0/../../../../lib64/:/lib/../lib64/:/usr/lib/../lib64/:/u/apps/gcc/9.2.0/bin/../lib/gcc/x86_64-pc-linux-gnu/9.2.0/../../../:/lib/:/usr/lib/
COLLECT_GCC_OPTIONS='-v' '-o' 'CMakeFiles/cmTC_970ba.dir/CMakeCXXCompilerABI.cpp.o' '-c' '-shared-libgcc' '-mtune=generic' '-march=x86-64'
Linking CXX executable cmTC_970ba
/u/apps/cmake/3.19.4/bin/cmake -E cmake_link_script CMakeFiles/cmTC_970ba.dir/link.txt --verbose=1
/apps/gcc/9.2.0/bin/g++  -v -rdynamic CMakeFiles/cmTC_970ba.dir/CMakeCXXCompilerABI.cpp.o -o cmTC_970ba 
Using built-in specs.
COLLECT_GCC=/apps/gcc/9.2.0/bin/g++
COLLECT_LTO_WRAPPER=/u/apps/gcc/9.2.0/bin/../libexec/gcc/x86_64-pc-linux-gnu/9.2.0/lto-wrapper
Target: x86_64-pc-linux-gnu
Configured with: ../gcc-9.2.0/configure --prefix=/apps/gcc/9.2.0 --with-gmp=/apps/gmp --with-mpfr=/apps/mpfr --with-mpc=/apps/mpc --with-isl=/apps/isl/0.16 --enable-languages=c,c++,fortran
Thread model: posix
gcc version 9.2.0 (GCC) 
COMPILER_PATH=/u/apps/gcc/9.2.0/bin/../libexec/gcc/x86_64-pc-linux-gnu/9.2.0/:/u/apps/gcc/9.2.0/bin/../libexec/gcc/
LIBRARY_PATH=/u/apps/gcc/9.2.0/bin/../lib/gcc/x86_64-pc-linux-gnu/9.2.0/:/u/apps/gcc/9.2.0/bin/../lib/gcc/:/u/apps/gcc/9.2.0/bin/../lib/gcc/x86_64-pc-linux-gnu/9.2.0/../../../../lib64/:/lib/../lib64/:/usr/lib/../lib64/:/u/apps/gcc/9.2.0/bin/../lib/gcc/x86_64-pc-linux-gnu/9.2.0/../../../:/lib/:/usr/lib/
COLLECT_GCC_OPTIONS='-v' '-rdynamic' '-o' 'cmTC_970ba' '-shared-libgcc' '-mtune=generic' '-march=x86-64'
 /u/apps/gcc/9.2.0/bin/../libexec/gcc/x86_64-pc-linux-gnu/9.2.0/collect2 -plugin /u/apps/gcc/9.2.0/bin/../libexec/gcc/x86_64-pc-linux-gnu/9.2.0/liblto_plugin.so -plugin-opt=/u/apps/gcc/9.2.0/bin/../libexec/gcc/x86_64-pc-linux-gnu/9.2.0/lto-wrapper -plugin-opt=-fresolution=/tmp/ccNicIKP.res -plugin-opt=-pass-through=-lgcc_s -plugin-opt=-pass-through=-lgcc -plugin-opt=-pass-through=-lc -plugin-opt=-pass-through=-lgcc_s -plugin-opt=-pass-through=-lgcc --eh-frame-hdr -m elf_x86_64 -export-dynamic -dynamic-linker /lib64/ld-linux-x86-64.so.2 -o cmTC_970ba /lib/../lib64/crt1.o /lib/../lib64/crti.o /u/apps/gcc/9.2.0/bin/../lib/gcc/x86_64-pc-linux-gnu/9.2.0/crtbegin.o -L/u/apps/gcc/9.2.0/bin/../lib/gcc/x86_64-pc-linux-gnu/9.2.0 -L/u/apps/gcc/9.2.0/bin/../lib/gcc -L/u/apps/gcc/9.2.0/bin/../lib/gcc/x86_64-pc-linux-gnu/9.2.0/../../../../lib64 -L/lib/../lib64 -L/usr/lib/../lib64 -L/u/apps/gcc/9.2.0/bin/../lib/gcc/x86_64-pc-linux-gnu/9.2.0/../../.. CMakeFiles/cmTC_970ba.dir/CMakeCXXCompilerABI.cpp.o -lstdc++ -lm -lgcc_s -lgcc -lc -lgcc_s -lgcc /u/apps/gcc/9.2.0/bin/../lib/gcc/x86_64-pc-linux-gnu/9.2.0/crtend.o /lib/../lib64/crtn.o
COLLECT_GCC_OPTIONS='-v' '-rdynamic' '-o' 'cmTC_970ba' '-shared-libgcc' '-mtune=generic' '-march=x86-64'
gmake[1]: Leaving directory `/w/hallc-scshelf2102/shms/wmhenry/medical/buildTPC/CMakeFiles/CMakeTmp'



Parsed CXX implicit include dir info from above output: rv=done
  found start of include info
  found start of implicit include info
    add: [/u/apps/gcc/9.2.0/bin/../lib/gcc/x86_64-pc-linux-gnu/9.2.0/../../../../include/c++/9.2.0]
    add: [/u/apps/gcc/9.2.0/bin/../lib/gcc/x86_64-pc-linux-gnu/9.2.0/../../../../include/c++/9.2.0/x86_64-pc-linux-gnu]
    add: [/u/apps/gcc/9.2.0/bin/../lib/gcc/x86_64-pc-linux-gnu/9.2.0/../../../../include/c++/9.2.0/backward]
    add: [/u/apps/gcc/9.2.0/bin/../lib/gcc/x86_64-pc-linux-gnu/9.2.0/include]
    add: [/u/apps/gcc/9.2.0/bin/../lib/gcc/x86_64-pc-linux-gnu/9.2.0/include-fixed]
    add: [/usr/local/include]
    add: [/u/apps/gcc/9.2.0/bin/../lib/gcc/../../include]
    add: [/usr/include]
  end of search list found
  collapse include dir [/u/apps/gcc/9.2.0/bin/../lib/gcc/x86_64-pc-linux-gnu/9.2.0/../../../../include/c++/9.2.0] ==> [/u/apps/gcc/9.2.0/include/c++/9.2.0]
  collapse include dir [/u/apps/gcc/9.2.0/bin/../lib/gcc/x86_64-pc-linux-gnu/9.2.0/../../../../include/c++/9.2.0/x86_64-pc-linux-gnu] ==> [/u/apps/gcc/9.2.0/include/c++/9.2.0/x86_64-pc-linux-gnu]
  collapse include dir [/u/apps/gcc/9.2.0/bin/../lib/gcc/x86_64-pc-linux-gnu/9.2.0/../../../../include/c++/9.2.0/backward] ==> [/u/apps/gcc/9.2.0/include/c++/9.2.0/backward]
  collapse include dir [/u/apps/gcc/9.2.0/bin/../lib/gcc/x86_64-pc-linux-gnu/9.2.0/include] ==> [/u/apps/gcc/9.2.0/lib/gcc/x86_64-pc-linux-gnu/9.2.0/include]
  collapse include dir [/u/apps/gcc/9.2.0/bin/../lib/gcc/x86_64-pc-linux-gnu/9.2.0/include-fixed] ==> [/u/apps/gcc/9.2.0/lib/gcc/x86_64-pc-linux-gnu/9.2.0/include-fixed]
  collapse include dir [/usr/local/include] ==> [/usr/local/include]
  collapse include dir [/u/apps/gcc/9.2.0/bin/../lib/gcc/../../include] ==> [/u/apps/gcc/9.2.0/include]
  collapse include dir [/usr/include] ==> [/usr/include]
  implicit include dirs: [/u/apps/gcc/9.2.0/include/c++/9.2.0;/u/apps/gcc/9.2.0/include/c++/9.2.0/x86_64-pc-linux-gnu;/u/apps/gcc/9.2.0/include/c++/9.2.0/backward;/u/apps/gcc/9.2.0/lib/gcc/x86_64-pc-linux-gnu/9.2.0/include;/u/apps/gcc/9.2.0/lib/gcc/x86_64-pc-linux-gnu/9.2.0/include-fixed;/usr/local/include;/u/apps/gcc/9.2.0/include;/usr/include]


Parsed CXX implicit link information from above output:
  link line regex: [^( *|.*[/\])(ld|CMAKE_LINK_STARTFILE-NOTFOUND|([^/\]+-)?ld|collect2)[^/\]*( |$)]
  ignore line: [Change Dir: /work/hallc/shms/wmhenry/medical/buildTPC/CMakeFiles/CMakeTmp]
  ignore line: []
  ignore line: [Run Build Command(s):/usr/bin/gmake cmTC_970ba/fast && /usr/bin/gmake  -f CMakeFiles/cmTC_970ba.dir/build.make CMakeFiles/cmTC_970ba.dir/build]
  ignore line: [gmake[1]: Entering directory `/w/hallc-scshelf2102/shms/wmhenry/medical/buildTPC/CMakeFiles/CMakeTmp']
  ignore line: [Building CXX object CMakeFiles/cmTC_970ba.dir/CMakeCXXCompilerABI.cpp.o]
  ignore line: [/apps/gcc/9.2.0/bin/g++   -v -o CMakeFiles/cmTC_970ba.dir/CMakeCXXCompilerABI.cpp.o -c /u/apps/cmake/3.19.4/share/cmake-3.19/Modules/CMakeCXXCompilerABI.cpp]
  ignore line: [Using built-in specs.]
  ignore line: [COLLECT_GCC=/apps/gcc/9.2.0/bin/g++]
  ignore line: [Target: x86_64-pc-linux-gnu]
  ignore line: [Configured with: ../gcc-9.2.0/configure --prefix=/apps/gcc/9.2.0 --with-gmp=/apps/gmp --with-mpfr=/apps/mpfr --with-mpc=/apps/mpc --with-isl=/apps/isl/0.16 --enable-languages=c c++ fortran]
  ignore line: [Thread model: posix]
  ignore line: [gcc version 9.2.0 (GCC) ]
  ignore line: [COLLECT_GCC_OPTIONS='-v' '-o' 'CMakeFiles/cmTC_970ba.dir/CMakeCXXCompilerABI.cpp.o' '-c' '-shared-libgcc' '-mtune=generic' '-march=x86-64']
  ignore line: [ /u/apps/gcc/9.2.0/bin/../libexec/gcc/x86_64-pc-linux-gnu/9.2.0/cc1plus -quiet -v -iprefix /u/apps/gcc/9.2.0/bin/../lib/gcc/x86_64-pc-linux-gnu/9.2.0/ -D_GNU_SOURCE /u/apps/cmake/3.19.4/share/cmake-3.19/Modules/CMakeCXXCompilerABI.cpp -quiet -dumpbase CMakeCXXCompilerABI.cpp -mtune=generic -march=x86-64 -auxbase-strip CMakeFiles/cmTC_970ba.dir/CMakeCXXCompilerABI.cpp.o -version -o /tmp/ccE2FZLK.s]
  ignore line: [GNU C++14 (GCC) version 9.2.0 (x86_64-pc-linux-gnu)]
  ignore line: [	compiled by GNU C version 9.2.0  GMP version 4.3.2  MPFR version 2.4.2  MPC version 0.8.1  isl version isl-0.16.1-GMP]
  ignore line: []
  ignore line: [GGC heuristics: --param ggc-min-expand=100 --param ggc-min-heapsize=131072]
  ignore line: [ignoring nonexistent directory "/u/apps/gcc/9.2.0/bin/../lib/gcc/x86_64-pc-linux-gnu/9.2.0/../../../../x86_64-pc-linux-gnu/include"]
  ignore line: [ignoring duplicate directory "/u/apps/gcc/9.2.0/bin/../lib/gcc/../../lib/gcc/x86_64-pc-linux-gnu/9.2.0/../../../../include/c++/9.2.0"]
  ignore line: [ignoring duplicate directory "/u/apps/gcc/9.2.0/bin/../lib/gcc/../../lib/gcc/x86_64-pc-linux-gnu/9.2.0/../../../../include/c++/9.2.0/x86_64-pc-linux-gnu"]
  ignore line: [ignoring duplicate directory "/u/apps/gcc/9.2.0/bin/../lib/gcc/../../lib/gcc/x86_64-pc-linux-gnu/9.2.0/../../../../include/c++/9.2.0/backward"]
  ignore line: [ignoring duplicate directory "/u/apps/gcc/9.2.0/bin/../lib/gcc/../../lib/gcc/x86_64-pc-linux-gnu/9.2.0/include"]
  ignore line: [ignoring duplicate directory "/u/apps/gcc/9.2.0/bin/../lib/gcc/../../lib/gcc/x86_64-pc-linux-gnu/9.2.0/include-fixed"]
  ignore line: [ignoring nonexistent directory "/u/apps/gcc/9.2.0/bin/../lib/gcc/../../lib/gcc/x86_64-pc-linux-gnu/9.2.0/../../../../x86_64-pc-linux-gnu/include"]
  ignore line: [#include "..." search starts here:]
  ignore line: [#include <...> search starts here:]
  ignore line: [ /u/apps/gcc/9.2.0/bin/../lib/gcc/x86_64-pc-linux-gnu/9.2.0/../../../../include/c++/9.2.0]
  ignore line: [ /u/apps/gcc/9.2.0/bin/../lib/gcc/x86_64-pc-linux-gnu/9.2.0/../../../../include/c++/9.2.0/x86_64-pc-linux-gnu]
  ignore line: [ /u/apps/gcc/9.2.0/bin/../lib/gcc/x86_64-pc-linux-gnu/9.2.0/../../../../include/c++/9.2.0/backward]
  ignore line: [ /u/apps/gcc/9.2.0/bin/../lib/gcc/x86_64-pc-linux-gnu/9.2.0/include]
  ignore line: [ /u/apps/gcc/9.2.0/bin/../lib/gcc/x86_64-pc-linux-gnu/9.2.0/include-fixed]
  ignore line: [ /usr/local/include]
  ignore line: [ /u/apps/gcc/9.2.0/bin/../lib/gcc/../../include]
  ignore line: [ /usr/include]
  ignore line: [End of search list.]
  ignore line: [GNU C++14 (GCC) version 9.2.0 (x86_64-pc-linux-gnu)]
  ignore line: [	compiled by GNU C version 9.2.0  GMP version 4.3.2  MPFR version 2.4.2  MPC version 0.8.1  isl version isl-0.16.1-GMP]
  ignore line: []
  ignore line: [GGC heuristics: --param ggc-min-expand=100 --param ggc-min-heapsize=131072]
  ignore line: [Compiler executable checksum: 0f52fce72fd3b0620fa598b4cb30be62]
  ignore line: [COLLECT_GCC_OPTIONS='-v' '-o' 'CMakeFiles/cmTC_970ba.dir/CMakeCXXCompilerABI.cpp.o' '-c' '-shared-libgcc' '-mtune=generic' '-march=x86-64']
  ignore line: [ as -v --64 -o CMakeFiles/cmTC_970ba.dir/CMakeCXXCompilerABI.cpp.o /tmp/ccE2FZLK.s]
  ignore line: [GNU assembler version 2.27 (x86_64-redhat-linux) using BFD version version 2.27-44.base.el7]
  ignore line: [COMPILER_PATH=/u/apps/gcc/9.2.0/bin/../libexec/gcc/x86_64-pc-linux-gnu/9.2.0/:/u/apps/gcc/9.2.0/bin/../libexec/gcc/]
  ignore line: [LIBRARY_PATH=/u/apps/gcc/9.2.0/bin/../lib/gcc/x86_64-pc-linux-gnu/9.2.0/:/u/apps/gcc/9.2.0/bin/../lib/gcc/:/u/apps/gcc/9.2.0/bin/../lib/gcc/x86_64-pc-linux-gnu/9.2.0/../../../../lib64/:/lib/../lib64/:/usr/lib/../lib64/:/u/apps/gcc/9.2.0/bin/../lib/gcc/x86_64-pc-linux-gnu/9.2.0/../../../:/lib/:/usr/lib/]
  ignore line: [COLLECT_GCC_OPTIONS='-v' '-o' 'CMakeFiles/cmTC_970ba.dir/CMakeCXXCompilerABI.cpp.o' '-c' '-shared-libgcc' '-mtune=generic' '-march=x86-64']
  ignore line: [Linking CXX executable cmTC_970ba]
  ignore line: [/u/apps/cmake/3.19.4/bin/cmake -E cmake_link_script CMakeFiles/cmTC_970ba.dir/link.txt --verbose=1]
  ignore line: [/apps/gcc/9.2.0/bin/g++  -v -rdynamic CMakeFiles/cmTC_970ba.dir/CMakeCXXCompilerABI.cpp.o -o cmTC_970ba ]
  ignore line: [Using built-in specs.]
  ignore line: [COLLECT_GCC=/apps/gcc/9.2.0/bin/g++]
  ignore line: [COLLECT_LTO_WRAPPER=/u/apps/gcc/9.2.0/bin/../libexec/gcc/x86_64-pc-linux-gnu/9.2.0/lto-wrapper]
  ignore line: [Target: x86_64-pc-linux-gnu]
  ignore line: [Configured with: ../gcc-9.2.0/configure --prefix=/apps/gcc/9.2.0 --with-gmp=/apps/gmp --with-mpfr=/apps/mpfr --with-mpc=/apps/mpc --with-isl=/apps/isl/0.16 --enable-languages=c c++ fortran]
  ignore line: [Thread model: posix]
  ignore line: [gcc version 9.2.0 (GCC) ]
  ignore line: [COMPILER_PATH=/u/apps/gcc/9.2.0/bin/../libexec/gcc/x86_64-pc-linux-gnu/9.2.0/:/u/apps/gcc/9.2.0/bin/../libexec/gcc/]
  ignore line: [LIBRARY_PATH=/u/apps/gcc/9.2.0/bin/../lib/gcc/x86_64-pc-linux-gnu/9.2.0/:/u/apps/gcc/9.2.0/bin/../lib/gcc/:/u/apps/gcc/9.2.0/bin/../lib/gcc/x86_64-pc-linux-gnu/9.2.0/../../../../lib64/:/lib/../lib64/:/usr/lib/../lib64/:/u/apps/gcc/9.2.0/bin/../lib/gcc/x86_64-pc-linux-gnu/9.2.0/../../../:/lib/:/usr/lib/]
  ignore line: [COLLECT_GCC_OPTIONS='-v' '-rdynamic' '-o' 'cmTC_970ba' '-shared-libgcc' '-mtune=generic' '-march=x86-64']
  link line: [ /u/apps/gcc/9.2.0/bin/../libexec/gcc/x86_64-pc-linux-gnu/9.2.0/collect2 -plugin /u/apps/gcc/9.2.0/bin/../libexec/gcc/x86_64-pc-linux-gnu/9.2.0/liblto_plugin.so -plugin-opt=/u/apps/gcc/9.2.0/bin/../libexec/gcc/x86_64-pc-linux-gnu/9.2.0/lto-wrapper -plugin-opt=-fresolution=/tmp/ccNicIKP.res -plugin-opt=-pass-through=-lgcc_s -plugin-opt=-pass-through=-lgcc -plugin-opt=-pass-through=-lc -plugin-opt=-pass-through=-lgcc_s -plugin-opt=-pass-through=-lgcc --eh-frame-hdr -m elf_x86_64 -export-dynamic -dynamic-linker /lib64/ld-linux-x86-64.so.2 -o cmTC_970ba /lib/../lib64/crt1.o /lib/../lib64/crti.o /u/apps/gcc/9.2.0/bin/../lib/gcc/x86_64-pc-linux-gnu/9.2.0/crtbegin.o -L/u/apps/gcc/9.2.0/bin/../lib/gcc/x86_64-pc-linux-gnu/9.2.0 -L/u/apps/gcc/9.2.0/bin/../lib/gcc -L/u/apps/gcc/9.2.0/bin/../lib/gcc/x86_64-pc-linux-gnu/9.2.0/../../../../lib64 -L/lib/../lib64 -L/usr/lib/../lib64 -L/u/apps/gcc/9.2.0/bin/../lib/gcc/x86_64-pc-linux-gnu/9.2.0/../../.. CMakeFiles/cmTC_970ba.dir/CMakeCXXCompilerABI.cpp.o -lstdc++ -lm -lgcc_s -lgcc -lc -lgcc_s -lgcc /u/apps/gcc/9.2.0/bin/../lib/gcc/x86_64-pc-linux-gnu/9.2.0/crtend.o /lib/../lib64/crtn.o]
    arg [/u/apps/gcc/9.2.0/bin/../libexec/gcc/x86_64-pc-linux-gnu/9.2.0/collect2] ==> ignore
    arg [-plugin] ==> ignore
    arg [/u/apps/gcc/9.2.0/bin/../libexec/gcc/x86_64-pc-linux-gnu/9.2.0/liblto_plugin.so] ==> ignore
    arg [-plugin-opt=/u/apps/gcc/9.2.0/bin/../libexec/gcc/x86_64-pc-linux-gnu/9.2.0/lto-wrapper] ==> ignore
    arg [-plugin-opt=-fresolution=/tmp/ccNicIKP.res] ==> ignore
    arg [-plugin-opt=-pass-through=-lgcc_s] ==> ignore
    arg [-plugin-opt=-pass-through=-lgcc] ==> ignore
    arg [-plugin-opt=-pass-through=-lc] ==> ignore
    arg [-plugin-opt=-pass-through=-lgcc_s] ==> ignore
    arg [-plugin-opt=-pass-through=-lgcc] ==> ignore
    arg [--eh-frame-hdr] ==> ignore
    arg [-m] ==> ignore
    arg [elf_x86_64] ==> ignore
    arg [-export-dynamic] ==> ignore
    arg [-dynamic-linker] ==> ignore
    arg [/lib64/ld-linux-x86-64.so.2] ==> ignore
    arg [-o] ==> ignore
    arg [cmTC_970ba] ==> ignore
    arg [/lib/../lib64/crt1.o] ==> ignore
    arg [/lib/../lib64/crti.o] ==> ignore
    arg [/u/apps/gcc/9.2.0/bin/../lib/gcc/x86_64-pc-linux-gnu/9.2.0/crtbegin.o] ==> ignore
    arg [-L/u/apps/gcc/9.2.0/bin/../lib/gcc/x86_64-pc-linux-gnu/9.2.0] ==> dir [/u/apps/gcc/9.2.0/bin/../lib/gcc/x86_64-pc-linux-gnu/9.2.0]
    arg [-L/u/apps/gcc/9.2.0/bin/../lib/gcc] ==> dir [/u/apps/gcc/9.2.0/bin/../lib/gcc]
    arg [-L/u/apps/gcc/9.2.0/bin/../lib/gcc/x86_64-pc-linux-gnu/9.2.0/../../../../lib64] ==> dir [/u/apps/gcc/9.2.0/bin/../lib/gcc/x86_64-pc-linux-gnu/9.2.0/../../../../lib64]
    arg [-L/lib/../lib64] ==> dir [/lib/../lib64]
    arg [-L/usr/lib/../lib64] ==> dir [/usr/lib/../lib64]
    arg [-L/u/apps/gcc/9.2.0/bin/../lib/gcc/x86_64-pc-linux-gnu/9.2.0/../../..] ==> dir [/u/apps/gcc/9.2.0/bin/../lib/gcc/x86_64-pc-linux-gnu/9.2.0/../../..]
    arg [CMakeFiles/cmTC_970ba.dir/CMakeCXXCompilerABI.cpp.o] ==> ignore
    arg [-lstdc++] ==> lib [stdc++]
    arg [-lm] ==> lib [m]
    arg [-lgcc_s] ==> lib [gcc_s]
    arg [-lgcc] ==> lib [gcc]
    arg [-lc] ==> lib [c]
    arg [-lgcc_s] ==> lib [gcc_s]
    arg [-lgcc] ==> lib [gcc]
    arg [/u/apps/gcc/9.2.0/bin/../lib/gcc/x86_64-pc-linux-gnu/9.2.0/crtend.o] ==> ignore
    arg [/lib/../lib64/crtn.o] ==> ignore
  collapse library dir [/u/apps/gcc/9.2.0/bin/../lib/gcc/x86_64-pc-linux-gnu/9.2.0] ==> [/u/apps/gcc/9.2.0/lib/gcc/x86_64-pc-linux-gnu/9.2.0]
  collapse library dir [/u/apps/gcc/9.2.0/bin/../lib/gcc] ==> [/u/apps/gcc/9.2.0/lib/gcc]
  collapse library dir [/u/apps/gcc/9.2.0/bin/../lib/gcc/x86_64-pc-linux-gnu/9.2.0/../../../../lib64] ==> [/u/apps/gcc/9.2.0/lib64]
  collapse library dir [/lib/../lib64] ==> [/lib64]
  collapse library dir [/usr/lib/../lib64] ==> [/usr/lib64]
  collapse library dir [/u/apps/gcc/9.2.0/bin/../lib/gcc/x86_64-pc-linux-gnu/9.2.0/../../..] ==> [/u/apps/gcc/9.2.0/lib]
  implicit libs: [stdc++;m;gcc_s;gcc;c;gcc_s;gcc]
  implicit dirs: [/u/apps/gcc/9.2.0/lib/gcc/x86_64-pc-linux-gnu/9.2.0;/u/apps/gcc/9.2.0/lib/gcc;/u/apps/gcc/9.2.0/lib64;/lib64;/usr/lib64;/u/apps/gcc/9.2.0/lib]
  implicit fwks: []


Determining if the function XOpenDisplay exists in the /usr/lib64/libX11.so;/usr/lib64/libXext.so passed with the following output:
Change Dir: /work/hallc/shms/wmhenry/medical/buildTPC/CMakeFiles/CMakeTmp

Run Build Command(s):/usr/bin/gmake cmTC_97320/fast && /usr/bin/gmake  -f CMakeFiles/cmTC_97320.dir/build.make CMakeFiles/cmTC_97320.dir/build
gmake[1]: Entering directory `/w/hallc-scshelf2102/shms/wmhenry/medical/buildTPC/CMakeFiles/CMakeTmp'
Building C object CMakeFiles/cmTC_97320.dir/CheckFunctionExists.c.o
/apps/gcc/9.2.0/bin/gcc   -DCHECK_FUNCTION_EXISTS=XOpenDisplay -o CMakeFiles/cmTC_97320.dir/CheckFunctionExists.c.o -c /u/apps/cmake/3.19.4/share/cmake-3.19/Modules/CheckFunctionExists.c
Linking C executable cmTC_97320
/u/apps/cmake/3.19.4/bin/cmake -E cmake_link_script CMakeFiles/cmTC_97320.dir/link.txt --verbose=1
/apps/gcc/9.2.0/bin/gcc  -DCHECK_FUNCTION_EXISTS=XOpenDisplay CMakeFiles/cmTC_97320.dir/CheckFunctionExists.c.o -o cmTC_97320  /usr/lib64/libX11.so /usr/lib64/libXext.so 
gmake[1]: Leaving directory `/w/hallc-scshelf2102/shms/wmhenry/medical/buildTPC/CMakeFiles/CMakeTmp'



Determining if the function gethostbyname exists passed with the following output:
Change Dir: /work/hallc/shms/wmhenry/medical/buildTPC/CMakeFiles/CMakeTmp

Run Build Command(s):/usr/bin/gmake cmTC_734d2/fast && /usr/bin/gmake  -f CMakeFiles/cmTC_734d2.dir/build.make CMakeFiles/cmTC_734d2.dir/build
gmake[1]: Entering directory `/w/hallc-scshelf2102/shms/wmhenry/medical/buildTPC/CMakeFiles/CMakeTmp'
Building C object CMakeFiles/cmTC_734d2.dir/CheckFunctionExists.c.o
/apps/gcc/9.2.0/bin/gcc   -DCHECK_FUNCTION_EXISTS=gethostbyname -o CMakeFiles/cmTC_734d2.dir/CheckFunctionExists.c.o -c /u/apps/cmake/3.19.4/share/cmake-3.19/Modules/CheckFunctionExists.c
Linking C executable cmTC_734d2
/u/apps/cmake/3.19.4/bin/cmake -E cmake_link_script CMakeFiles/cmTC_734d2.dir/link.txt --verbose=1
/apps/gcc/9.2.0/bin/gcc  -DCHECK_FUNCTION_EXISTS=gethostbyname CMakeFiles/cmTC_734d2.dir/CheckFunctionExists.c.o -o cmTC_734d2 
gmake[1]: Leaving directory `/w/hallc-scshelf2102/shms/wmhenry/medical/buildTPC/CMakeFiles/CMakeTmp'



Determining if the function connect exists passed with the following output:
Change Dir: /work/hallc/shms/wmhenry/medical/buildTPC/CMakeFiles/CMakeTmp

Run Build Command(s):/usr/bin/gmake cmTC_374cf/fast && /usr/bin/gmake  -f CMakeFiles/cmTC_374cf.dir/build.make CMakeFiles/cmTC_374cf.dir/build
gmake[1]: Entering directory `/w/hallc-scshelf2102/shms/wmhenry/medical/buildTPC/CMakeFiles/CMakeTmp'
Building C object CMakeFiles/cmTC_374cf.dir/CheckFunctionExists.c.o
/apps/gcc/9.2.0/bin/gcc   -DCHECK_FUNCTION_EXISTS=connect -o CMakeFiles/cmTC_374cf.dir/CheckFunctionExists.c.o -c /u/apps/cmake/3.19.4/share/cmake-3.19/Modules/CheckFunctionExists.c
Linking C executable cmTC_374cf
/u/apps/cmake/3.19.4/bin/cmake -E cmake_link_script CMakeFiles/cmTC_374cf.dir/link.txt --verbose=1
/apps/gcc/9.2.0/bin/gcc  -DCHECK_FUNCTION_EXISTS=connect CMakeFiles/cmTC_374cf.dir/CheckFunctionExists.c.o -o cmTC_374cf 
gmake[1]: Leaving directory `/w/hallc-scshelf2102/shms/wmhenry/medical/buildTPC/CMakeFiles/CMakeTmp'



Determining if the function remove exists passed with the following output:
Change Dir: /work/hallc/shms/wmhenry/medical/buildTPC/CMakeFiles/CMakeTmp

Run Build Command(s):/usr/bin/gmake cmTC_ab6c7/fast && /usr/bin/gmake  -f CMakeFiles/cmTC_ab6c7.dir/build.make CMakeFiles/cmTC_ab6c7.dir/build
gmake[1]: Entering directory `/w/hallc-scshelf2102/shms/wmhenry/medical/buildTPC/CMakeFiles/CMakeTmp'
Building C object CMakeFiles/cmTC_ab6c7.dir/CheckFunctionExists.c.o
/apps/gcc/9.2.0/bin/gcc   -DCHECK_FUNCTION_EXISTS=remove -o CMakeFiles/cmTC_ab6c7.dir/CheckFunctionExists.c.o -c /u/apps/cmake/3.19.4/share/cmake-3.19/Modules/CheckFunctionExists.c
Linking C executable cmTC_ab6c7
/u/apps/cmake/3.19.4/bin/cmake -E cmake_link_script CMakeFiles/cmTC_ab6c7.dir/link.txt --verbose=1
/apps/gcc/9.2.0/bin/gcc  -DCHECK_FUNCTION_EXISTS=remove CMakeFiles/cmTC_ab6c7.dir/CheckFunctionExists.c.o -o cmTC_ab6c7 
gmake[1]: Leaving directory `/w/hallc-scshelf2102/shms/wmhenry/medical/buildTPC/CMakeFiles/CMakeTmp'



Determining if the function shmat exists passed with the following output:
Change Dir: /work/hallc/shms/wmhenry/medical/buildTPC/CMakeFiles/CMakeTmp

Run Build Command(s):/usr/bin/gmake cmTC_55320/fast && /usr/bin/gmake  -f CMakeFiles/cmTC_55320.dir/build.make CMakeFiles/cmTC_55320.dir/build
gmake[1]: Entering directory `/w/hallc-scshelf2102/shms/wmhenry/medical/buildTPC/CMakeFiles/CMakeTmp'
Building C object CMakeFiles/cmTC_55320.dir/CheckFunctionExists.c.o
/apps/gcc/9.2.0/bin/gcc   -DCHECK_FUNCTION_EXISTS=shmat -o CMakeFiles/cmTC_55320.dir/CheckFunctionExists.c.o -c /u/apps/cmake/3.19.4/share/cmake-3.19/Modules/CheckFunctionExists.c
Linking C executable cmTC_55320
/u/apps/cmake/3.19.4/bin/cmake -E cmake_link_script CMakeFiles/cmTC_55320.dir/link.txt --verbose=1
/apps/gcc/9.2.0/bin/gcc  -DCHECK_FUNCTION_EXISTS=shmat CMakeFiles/cmTC_55320.dir/CheckFunctionExists.c.o -o cmTC_55320 
gmake[1]: Leaving directory `/w/hallc-scshelf2102/shms/wmhenry/medical/buildTPC/CMakeFiles/CMakeTmp'



Determining if the function IceConnectionNumber exists in the ICE passed with the following output:
Change Dir: /work/hallc/shms/wmhenry/medical/buildTPC/CMakeFiles/CMakeTmp

Run Build Command(s):/usr/bin/gmake cmTC_47264/fast && /usr/bin/gmake  -f CMakeFiles/cmTC_47264.dir/build.make CMakeFiles/cmTC_47264.dir/build
gmake[1]: Entering directory `/w/hallc-scshelf2102/shms/wmhenry/medical/buildTPC/CMakeFiles/CMakeTmp'
Building C object CMakeFiles/cmTC_47264.dir/CheckFunctionExists.c.o
/apps/gcc/9.2.0/bin/gcc   -DCHECK_FUNCTION_EXISTS=IceConnectionNumber -o CMakeFiles/cmTC_47264.dir/CheckFunctionExists.c.o -c /u/apps/cmake/3.19.4/share/cmake-3.19/Modules/CheckFunctionExists.c
Linking C executable cmTC_47264
/u/apps/cmake/3.19.4/bin/cmake -E cmake_link_script CMakeFiles/cmTC_47264.dir/link.txt --verbose=1
/apps/gcc/9.2.0/bin/gcc  -DCHECK_FUNCTION_EXISTS=IceConnectionNumber CMakeFiles/cmTC_47264.dir/CheckFunctionExists.c.o -o cmTC_47264  -lICE 
gmake[1]: Leaving directory `/w/hallc-scshelf2102/shms/wmhenry/medical/buildTPC/CMakeFiles/CMakeTmp'



The system is: Linux - 3.10.0-1160.11.1.el7.x86_64 - x86_64
Compiling the C compiler identification source file "CMakeCCompilerId.c" succeeded.
Compiler: /apps/gcc/9.2.0/bin/gcc 
Build flags: 
Id flags: 

The output was:
0


Compilation of the C compiler identification source "CMakeCCompilerId.c" produced "a.out"

The C compiler identification is GNU, found in "/work/hallc/shms/wmhenry/medical/buildTPC/CMakeFiles/2.8.12.2/CompilerIdC/a.out"

Compiling the CXX compiler identification source file "CMakeCXXCompilerId.cpp" succeeded.
Compiler: /apps/gcc/9.2.0/bin/g++ 
Build flags: 
Id flags: 

The output was:
0


Compilation of the CXX compiler identification source "CMakeCXXCompilerId.cpp" produced "a.out"

The CXX compiler identification is GNU, found in "/work/hallc/shms/wmhenry/medical/buildTPC/CMakeFiles/2.8.12.2/CompilerIdCXX/a.out"

Determining if the C compiler works passed with the following output:
Change Dir: /work/hallc/shms/wmhenry/medical/buildTPC/CMakeFiles/CMakeTmp

Run Build Command:/usr/bin/gmake "cmTryCompileExec1905310642/fast"
/usr/bin/gmake -f CMakeFiles/cmTryCompileExec1905310642.dir/build.make CMakeFiles/cmTryCompileExec1905310642.dir/build
gmake[1]: Entering directory `/w/hallc-scshelf2102/shms/wmhenry/medical/buildTPC/CMakeFiles/CMakeTmp'
/usr/bin/cmake -E cmake_progress_report /work/hallc/shms/wmhenry/medical/buildTPC/CMakeFiles/CMakeTmp/CMakeFiles 1
Building C object CMakeFiles/cmTryCompileExec1905310642.dir/testCCompiler.c.o
/apps/gcc/9.2.0/bin/gcc    -o CMakeFiles/cmTryCompileExec1905310642.dir/testCCompiler.c.o   -c /work/hallc/shms/wmhenry/medical/buildTPC/CMakeFiles/CMakeTmp/testCCompiler.c
Linking C executable cmTryCompileExec1905310642
/usr/bin/cmake -E cmake_link_script CMakeFiles/cmTryCompileExec1905310642.dir/link.txt --verbose=1
/apps/gcc/9.2.0/bin/gcc       CMakeFiles/cmTryCompileExec1905310642.dir/testCCompiler.c.o  -o cmTryCompileExec1905310642 -rdynamic 
gmake[1]: Leaving directory `/w/hallc-scshelf2102/shms/wmhenry/medical/buildTPC/CMakeFiles/CMakeTmp'


Detecting C compiler ABI info compiled with the following output:
Change Dir: /work/hallc/shms/wmhenry/medical/buildTPC/CMakeFiles/CMakeTmp

Run Build Command:/usr/bin/gmake "cmTryCompileExec3899151721/fast"
/usr/bin/gmake -f CMakeFiles/cmTryCompileExec3899151721.dir/build.make CMakeFiles/cmTryCompileExec3899151721.dir/build
gmake[1]: Entering directory `/w/hallc-scshelf2102/shms/wmhenry/medical/buildTPC/CMakeFiles/CMakeTmp'
/usr/bin/cmake -E cmake_progress_report /work/hallc/shms/wmhenry/medical/buildTPC/CMakeFiles/CMakeTmp/CMakeFiles 1
Building C object CMakeFiles/cmTryCompileExec3899151721.dir/CMakeCCompilerABI.c.o
/apps/gcc/9.2.0/bin/gcc    -o CMakeFiles/cmTryCompileExec3899151721.dir/CMakeCCompilerABI.c.o   -c /usr/share/cmake/Modules/CMakeCCompilerABI.c
Linking C executable cmTryCompileExec3899151721
/usr/bin/cmake -E cmake_link_script CMakeFiles/cmTryCompileExec3899151721.dir/link.txt --verbose=1
/apps/gcc/9.2.0/bin/gcc     -v CMakeFiles/cmTryCompileExec3899151721.dir/CMakeCCompilerABI.c.o  -o cmTryCompileExec3899151721 -rdynamic  
Using built-in specs.
COLLECT_GCC=/apps/gcc/9.2.0/bin/gcc
COLLECT_LTO_WRAPPER=/u/apps/gcc/9.2.0/bin/../libexec/gcc/x86_64-pc-linux-gnu/9.2.0/lto-wrapper
Target: x86_64-pc-linux-gnu
Configured with: ../gcc-9.2.0/configure --prefix=/apps/gcc/9.2.0 --with-gmp=/apps/gmp --with-mpfr=/apps/mpfr --with-mpc=/apps/mpc --with-isl=/apps/isl/0.16 --enable-languages=c,c++,fortran
Thread model: posix
gcc version 9.2.0 (GCC) 
COMPILER_PATH=/u/apps/gcc/9.2.0/bin/../libexec/gcc/x86_64-pc-linux-gnu/9.2.0/:/u/apps/gcc/9.2.0/bin/../libexec/gcc/
LIBRARY_PATH=/u/apps/gcc/9.2.0/bin/../lib/gcc/x86_64-pc-linux-gnu/9.2.0/:/u/apps/gcc/9.2.0/bin/../lib/gcc/:/u/apps/gcc/9.2.0/bin/../lib/gcc/x86_64-pc-linux-gnu/9.2.0/../../../../lib64/:/lib/../lib64/:/usr/lib/../lib64/:/u/apps/gcc/9.2.0/bin/../lib/gcc/x86_64-pc-linux-gnu/9.2.0/../../../:/lib/:/usr/lib/
COLLECT_GCC_OPTIONS='-v' '-o' 'cmTryCompileExec3899151721' '-rdynamic' '-mtune=generic' '-march=x86-64'
 /u/apps/gcc/9.2.0/bin/../libexec/gcc/x86_64-pc-linux-gnu/9.2.0/collect2 -plugin /u/apps/gcc/9.2.0/bin/../libexec/gcc/x86_64-pc-linux-gnu/9.2.0/liblto_plugin.so -plugin-opt=/u/apps/gcc/9.2.0/bin/../libexec/gcc/x86_64-pc-linux-gnu/9.2.0/lto-wrapper -plugin-opt=-fresolution=/tmp/cczMgVLn.res -plugin-opt=-pass-through=-lgcc -plugin-opt=-pass-through=-lgcc_s -plugin-opt=-pass-through=-lc -plugin-opt=-pass-through=-lgcc -plugin-opt=-pass-through=-lgcc_s --eh-frame-hdr -m elf_x86_64 -export-dynamic -dynamic-linker /lib64/ld-linux-x86-64.so.2 -o cmTryCompileExec3899151721 /lib/../lib64/crt1.o /lib/../lib64/crti.o /u/apps/gcc/9.2.0/bin/../lib/gcc/x86_64-pc-linux-gnu/9.2.0/crtbegin.o -L/u/apps/gcc/9.2.0/bin/../lib/gcc/x86_64-pc-linux-gnu/9.2.0 -L/u/apps/gcc/9.2.0/bin/../lib/gcc -L/u/apps/gcc/9.2.0/bin/../lib/gcc/x86_64-pc-linux-gnu/9.2.0/../../../../lib64 -L/lib/../lib64 -L/usr/lib/../lib64 -L/u/apps/gcc/9.2.0/bin/../lib/gcc/x86_64-pc-linux-gnu/9.2.0/../../.. CMakeFiles/cmTryCompileExec3899151721.dir/CMakeCCompilerABI.c.o -lgcc --as-needed -lgcc_s --no-as-needed -lc -lgcc --as-needed -lgcc_s --no-as-needed /u/apps/gcc/9.2.0/bin/../lib/gcc/x86_64-pc-linux-gnu/9.2.0/crtend.o /lib/../lib64/crtn.o
COLLECT_GCC_OPTIONS='-v' '-o' 'cmTryCompileExec3899151721' '-rdynamic' '-mtune=generic' '-march=x86-64'
gmake[1]: Leaving directory `/w/hallc-scshelf2102/shms/wmhenry/medical/buildTPC/CMakeFiles/CMakeTmp'


Parsed C implicit link information from above output:
  link line regex: [^( *|.*[/\])(ld|([^/\]+-)?ld|collect2)[^/\]*( |$)]
  ignore line: [Change Dir: /work/hallc/shms/wmhenry/medical/buildTPC/CMakeFiles/CMakeTmp]
  ignore line: []
  ignore line: [Run Build Command:/usr/bin/gmake "cmTryCompileExec3899151721/fast"]
  ignore line: [/usr/bin/gmake -f CMakeFiles/cmTryCompileExec3899151721.dir/build.make CMakeFiles/cmTryCompileExec3899151721.dir/build]
  ignore line: [gmake[1]: Entering directory `/w/hallc-scshelf2102/shms/wmhenry/medical/buildTPC/CMakeFiles/CMakeTmp']
  ignore line: [/usr/bin/cmake -E cmake_progress_report /work/hallc/shms/wmhenry/medical/buildTPC/CMakeFiles/CMakeTmp/CMakeFiles 1]
  ignore line: [Building C object CMakeFiles/cmTryCompileExec3899151721.dir/CMakeCCompilerABI.c.o]
  ignore line: [/apps/gcc/9.2.0/bin/gcc    -o CMakeFiles/cmTryCompileExec3899151721.dir/CMakeCCompilerABI.c.o   -c /usr/share/cmake/Modules/CMakeCCompilerABI.c]
  ignore line: [Linking C executable cmTryCompileExec3899151721]
  ignore line: [/usr/bin/cmake -E cmake_link_script CMakeFiles/cmTryCompileExec3899151721.dir/link.txt --verbose=1]
  ignore line: [/apps/gcc/9.2.0/bin/gcc     -v CMakeFiles/cmTryCompileExec3899151721.dir/CMakeCCompilerABI.c.o  -o cmTryCompileExec3899151721 -rdynamic  ]
  ignore line: [Using built-in specs.]
  ignore line: [COLLECT_GCC=/apps/gcc/9.2.0/bin/gcc]
  ignore line: [COLLECT_LTO_WRAPPER=/u/apps/gcc/9.2.0/bin/../libexec/gcc/x86_64-pc-linux-gnu/9.2.0/lto-wrapper]
  ignore line: [Target: x86_64-pc-linux-gnu]
  ignore line: [Configured with: ../gcc-9.2.0/configure --prefix=/apps/gcc/9.2.0 --with-gmp=/apps/gmp --with-mpfr=/apps/mpfr --with-mpc=/apps/mpc --with-isl=/apps/isl/0.16 --enable-languages=c,c++,fortran]
  ignore line: [Thread model: posix]
  ignore line: [gcc version 9.2.0 (GCC) ]
  ignore line: [COMPILER_PATH=/u/apps/gcc/9.2.0/bin/../libexec/gcc/x86_64-pc-linux-gnu/9.2.0/:/u/apps/gcc/9.2.0/bin/../libexec/gcc/]
  ignore line: [LIBRARY_PATH=/u/apps/gcc/9.2.0/bin/../lib/gcc/x86_64-pc-linux-gnu/9.2.0/:/u/apps/gcc/9.2.0/bin/../lib/gcc/:/u/apps/gcc/9.2.0/bin/../lib/gcc/x86_64-pc-linux-gnu/9.2.0/../../../../lib64/:/lib/../lib64/:/usr/lib/../lib64/:/u/apps/gcc/9.2.0/bin/../lib/gcc/x86_64-pc-linux-gnu/9.2.0/../../../:/lib/:/usr/lib/]
  ignore line: [COLLECT_GCC_OPTIONS='-v' '-o' 'cmTryCompileExec3899151721' '-rdynamic' '-mtune=generic' '-march=x86-64']
  link line: [ /u/apps/gcc/9.2.0/bin/../libexec/gcc/x86_64-pc-linux-gnu/9.2.0/collect2 -plugin /u/apps/gcc/9.2.0/bin/../libexec/gcc/x86_64-pc-linux-gnu/9.2.0/liblto_plugin.so -plugin-opt=/u/apps/gcc/9.2.0/bin/../libexec/gcc/x86_64-pc-linux-gnu/9.2.0/lto-wrapper -plugin-opt=-fresolution=/tmp/cczMgVLn.res -plugin-opt=-pass-through=-lgcc -plugin-opt=-pass-through=-lgcc_s -plugin-opt=-pass-through=-lc -plugin-opt=-pass-through=-lgcc -plugin-opt=-pass-through=-lgcc_s --eh-frame-hdr -m elf_x86_64 -export-dynamic -dynamic-linker /lib64/ld-linux-x86-64.so.2 -o cmTryCompileExec3899151721 /lib/../lib64/crt1.o /lib/../lib64/crti.o /u/apps/gcc/9.2.0/bin/../lib/gcc/x86_64-pc-linux-gnu/9.2.0/crtbegin.o -L/u/apps/gcc/9.2.0/bin/../lib/gcc/x86_64-pc-linux-gnu/9.2.0 -L/u/apps/gcc/9.2.0/bin/../lib/gcc -L/u/apps/gcc/9.2.0/bin/../lib/gcc/x86_64-pc-linux-gnu/9.2.0/../../../../lib64 -L/lib/../lib64 -L/usr/lib/../lib64 -L/u/apps/gcc/9.2.0/bin/../lib/gcc/x86_64-pc-linux-gnu/9.2.0/../../.. CMakeFiles/cmTryCompileExec3899151721.dir/CMakeCCompilerABI.c.o -lgcc --as-needed -lgcc_s --no-as-needed -lc -lgcc --as-needed -lgcc_s --no-as-needed /u/apps/gcc/9.2.0/bin/../lib/gcc/x86_64-pc-linux-gnu/9.2.0/crtend.o /lib/../lib64/crtn.o]
    arg [/u/apps/gcc/9.2.0/bin/../libexec/gcc/x86_64-pc-linux-gnu/9.2.0/collect2] ==> ignore
    arg [-plugin] ==> ignore
    arg [/u/apps/gcc/9.2.0/bin/../libexec/gcc/x86_64-pc-linux-gnu/9.2.0/liblto_plugin.so] ==> ignore
    arg [-plugin-opt=/u/apps/gcc/9.2.0/bin/../libexec/gcc/x86_64-pc-linux-gnu/9.2.0/lto-wrapper] ==> ignore
    arg [-plugin-opt=-fresolution=/tmp/cczMgVLn.res] ==> ignore
    arg [-plugin-opt=-pass-through=-lgcc] ==> ignore
    arg [-plugin-opt=-pass-through=-lgcc_s] ==> ignore
    arg [-plugin-opt=-pass-through=-lc] ==> ignore
    arg [-plugin-opt=-pass-through=-lgcc] ==> ignore
    arg [-plugin-opt=-pass-through=-lgcc_s] ==> ignore
    arg [--eh-frame-hdr] ==> ignore
    arg [-m] ==> ignore
    arg [elf_x86_64] ==> ignore
    arg [-export-dynamic] ==> ignore
    arg [-dynamic-linker] ==> ignore
    arg [/lib64/ld-linux-x86-64.so.2] ==> ignore
    arg [-o] ==> ignore
    arg [cmTryCompileExec3899151721] ==> ignore
    arg [/lib/../lib64/crt1.o] ==> ignore
    arg [/lib/../lib64/crti.o] ==> ignore
    arg [/u/apps/gcc/9.2.0/bin/../lib/gcc/x86_64-pc-linux-gnu/9.2.0/crtbegin.o] ==> ignore
    arg [-L/u/apps/gcc/9.2.0/bin/../lib/gcc/x86_64-pc-linux-gnu/9.2.0] ==> dir [/u/apps/gcc/9.2.0/bin/../lib/gcc/x86_64-pc-linux-gnu/9.2.0]
    arg [-L/u/apps/gcc/9.2.0/bin/../lib/gcc] ==> dir [/u/apps/gcc/9.2.0/bin/../lib/gcc]
    arg [-L/u/apps/gcc/9.2.0/bin/../lib/gcc/x86_64-pc-linux-gnu/9.2.0/../../../../lib64] ==> dir [/u/apps/gcc/9.2.0/bin/../lib/gcc/x86_64-pc-linux-gnu/9.2.0/../../../../lib64]
    arg [-L/lib/../lib64] ==> dir [/lib/../lib64]
    arg [-L/usr/lib/../lib64] ==> dir [/usr/lib/../lib64]
    arg [-L/u/apps/gcc/9.2.0/bin/../lib/gcc/x86_64-pc-linux-gnu/9.2.0/../../..] ==> dir [/u/apps/gcc/9.2.0/bin/../lib/gcc/x86_64-pc-linux-gnu/9.2.0/../../..]
    arg [CMakeFiles/cmTryCompileExec3899151721.dir/CMakeCCompilerABI.c.o] ==> ignore
    arg [-lgcc] ==> lib [gcc]
    arg [--as-needed] ==> ignore
    arg [-lgcc_s] ==> lib [gcc_s]
    arg [--no-as-needed] ==> ignore
    arg [-lc] ==> lib [c]
    arg [-lgcc] ==> lib [gcc]
    arg [--as-needed] ==> ignore
    arg [-lgcc_s] ==> lib [gcc_s]
    arg [--no-as-needed] ==> ignore
    arg [/u/apps/gcc/9.2.0/bin/../lib/gcc/x86_64-pc-linux-gnu/9.2.0/crtend.o] ==> ignore
    arg [/lib/../lib64/crtn.o] ==> ignore
  remove lib [gcc]
  remove lib [gcc_s]
  remove lib [gcc]
  remove lib [gcc_s]
  collapse library dir [/u/apps/gcc/9.2.0/bin/../lib/gcc/x86_64-pc-linux-gnu/9.2.0] ==> [/u/apps/gcc/9.2.0/lib/gcc/x86_64-pc-linux-gnu/9.2.0]
  collapse library dir [/u/apps/gcc/9.2.0/bin/../lib/gcc] ==> [/u/apps/gcc/9.2.0/lib/gcc]
  collapse library dir [/u/apps/gcc/9.2.0/bin/../lib/gcc/x86_64-pc-linux-gnu/9.2.0/../../../../lib64] ==> [/u/apps/gcc/9.2.0/lib64]
  collapse library dir [/lib/../lib64] ==> [/lib64]
  collapse library dir [/usr/lib/../lib64] ==> [/usr/lib64]
  collapse library dir [/u/apps/gcc/9.2.0/bin/../lib/gcc/x86_64-pc-linux-gnu/9.2.0/../../..] ==> [/u/apps/gcc/9.2.0/lib]
  implicit libs: [c]
  implicit dirs: [/u/apps/gcc/9.2.0/lib/gcc/x86_64-pc-linux-gnu/9.2.0;/u/apps/gcc/9.2.0/lib/gcc;/u/apps/gcc/9.2.0/lib64;/lib64;/usr/lib64;/u/apps/gcc/9.2.0/lib]
  implicit fwks: []


Determining if the CXX compiler works passed with the following output:
Change Dir: /work/hallc/shms/wmhenry/medical/buildTPC/CMakeFiles/CMakeTmp

Run Build Command:/usr/bin/gmake "cmTryCompileExec999314458/fast"
/usr/bin/gmake -f CMakeFiles/cmTryCompileExec999314458.dir/build.make CMakeFiles/cmTryCompileExec999314458.dir/build
gmake[1]: Entering directory `/w/hallc-scshelf2102/shms/wmhenry/medical/buildTPC/CMakeFiles/CMakeTmp'
/usr/bin/cmake -E cmake_progress_report /work/hallc/shms/wmhenry/medical/buildTPC/CMakeFiles/CMakeTmp/CMakeFiles 1
Building CXX object CMakeFiles/cmTryCompileExec999314458.dir/testCXXCompiler.cxx.o
/apps/gcc/9.2.0/bin/g++     -o CMakeFiles/cmTryCompileExec999314458.dir/testCXXCompiler.cxx.o -c /work/hallc/shms/wmhenry/medical/buildTPC/CMakeFiles/CMakeTmp/testCXXCompiler.cxx
Linking CXX executable cmTryCompileExec999314458
/usr/bin/cmake -E cmake_link_script CMakeFiles/cmTryCompileExec999314458.dir/link.txt --verbose=1
/apps/gcc/9.2.0/bin/g++        CMakeFiles/cmTryCompileExec999314458.dir/testCXXCompiler.cxx.o  -o cmTryCompileExec999314458 -rdynamic 
gmake[1]: Leaving directory `/w/hallc-scshelf2102/shms/wmhenry/medical/buildTPC/CMakeFiles/CMakeTmp'


Detecting CXX compiler ABI info compiled with the following output:
Change Dir: /work/hallc/shms/wmhenry/medical/buildTPC/CMakeFiles/CMakeTmp

Run Build Command:/usr/bin/gmake "cmTryCompileExec3158971283/fast"
/usr/bin/gmake -f CMakeFiles/cmTryCompileExec3158971283.dir/build.make CMakeFiles/cmTryCompileExec3158971283.dir/build
gmake[1]: Entering directory `/w/hallc-scshelf2102/shms/wmhenry/medical/buildTPC/CMakeFiles/CMakeTmp'
/usr/bin/cmake -E cmake_progress_report /work/hallc/shms/wmhenry/medical/buildTPC/CMakeFiles/CMakeTmp/CMakeFiles 1
Building CXX object CMakeFiles/cmTryCompileExec3158971283.dir/CMakeCXXCompilerABI.cpp.o
/apps/gcc/9.2.0/bin/g++     -o CMakeFiles/cmTryCompileExec3158971283.dir/CMakeCXXCompilerABI.cpp.o -c /usr/share/cmake/Modules/CMakeCXXCompilerABI.cpp
Linking CXX executable cmTryCompileExec3158971283
/usr/bin/cmake -E cmake_link_script CMakeFiles/cmTryCompileExec3158971283.dir/link.txt --verbose=1
/apps/gcc/9.2.0/bin/g++      -v CMakeFiles/cmTryCompileExec3158971283.dir/CMakeCXXCompilerABI.cpp.o  -o cmTryCompileExec3158971283 -rdynamic  
Using built-in specs.
COLLECT_GCC=/apps/gcc/9.2.0/bin/g++
COLLECT_LTO_WRAPPER=/u/apps/gcc/9.2.0/bin/../libexec/gcc/x86_64-pc-linux-gnu/9.2.0/lto-wrapper
Target: x86_64-pc-linux-gnu
Configured with: ../gcc-9.2.0/configure --prefix=/apps/gcc/9.2.0 --with-gmp=/apps/gmp --with-mpfr=/apps/mpfr --with-mpc=/apps/mpc --with-isl=/apps/isl/0.16 --enable-languages=c,c++,fortran
Thread model: posix
gcc version 9.2.0 (GCC) 
COMPILER_PATH=/u/apps/gcc/9.2.0/bin/../libexec/gcc/x86_64-pc-linux-gnu/9.2.0/:/u/apps/gcc/9.2.0/bin/../libexec/gcc/
LIBRARY_PATH=/u/apps/gcc/9.2.0/bin/../lib/gcc/x86_64-pc-linux-gnu/9.2.0/:/u/apps/gcc/9.2.0/bin/../lib/gcc/:/u/apps/gcc/9.2.0/bin/../lib/gcc/x86_64-pc-linux-gnu/9.2.0/../../../../lib64/:/lib/../lib64/:/usr/lib/../lib64/:/u/apps/gcc/9.2.0/bin/../lib/gcc/x86_64-pc-linux-gnu/9.2.0/../../../:/lib/:/usr/lib/
COLLECT_GCC_OPTIONS='-v' '-o' 'cmTryCompileExec3158971283' '-rdynamic' '-shared-libgcc' '-mtune=generic' '-march=x86-64'
 /u/apps/gcc/9.2.0/bin/../libexec/gcc/x86_64-pc-linux-gnu/9.2.0/collect2 -plugin /u/apps/gcc/9.2.0/bin/../libexec/gcc/x86_64-pc-linux-gnu/9.2.0/liblto_plugin.so -plugin-opt=/u/apps/gcc/9.2.0/bin/../libexec/gcc/x86_64-pc-linux-gnu/9.2.0/lto-wrapper -plugin-opt=-fresolution=/tmp/cc7Szp7G.res -plugin-opt=-pass-through=-lgcc_s -plugin-opt=-pass-through=-lgcc -plugin-opt=-pass-through=-lc -plugin-opt=-pass-through=-lgcc_s -plugin-opt=-pass-through=-lgcc --eh-frame-hdr -m elf_x86_64 -export-dynamic -dynamic-linker /lib64/ld-linux-x86-64.so.2 -o cmTryCompileExec3158971283 /lib/../lib64/crt1.o /lib/../lib64/crti.o /u/apps/gcc/9.2.0/bin/../lib/gcc/x86_64-pc-linux-gnu/9.2.0/crtbegin.o -L/u/apps/gcc/9.2.0/bin/../lib/gcc/x86_64-pc-linux-gnu/9.2.0 -L/u/apps/gcc/9.2.0/bin/../lib/gcc -L/u/apps/gcc/9.2.0/bin/../lib/gcc/x86_64-pc-linux-gnu/9.2.0/../../../../lib64 -L/lib/../lib64 -L/usr/lib/../lib64 -L/u/apps/gcc/9.2.0/bin/../lib/gcc/x86_64-pc-linux-gnu/9.2.0/../../.. CMakeFiles/cmTryCompileExec3158971283.dir/CMakeCXXCompilerABI.cpp.o -lstdc++ -lm -lgcc_s -lgcc -lc -lgcc_s -lgcc /u/apps/gcc/9.2.0/bin/../lib/gcc/x86_64-pc-linux-gnu/9.2.0/crtend.o /lib/../lib64/crtn.o
COLLECT_GCC_OPTIONS='-v' '-o' 'cmTryCompileExec3158971283' '-rdynamic' '-shared-libgcc' '-mtune=generic' '-march=x86-64'
gmake[1]: Leaving directory `/w/hallc-scshelf2102/shms/wmhenry/medical/buildTPC/CMakeFiles/CMakeTmp'


Parsed CXX implicit link information from above output:
  link line regex: [^( *|.*[/\])(ld|([^/\]+-)?ld|collect2)[^/\]*( |$)]
  ignore line: [Change Dir: /work/hallc/shms/wmhenry/medical/buildTPC/CMakeFiles/CMakeTmp]
  ignore line: []
  ignore line: [Run Build Command:/usr/bin/gmake "cmTryCompileExec3158971283/fast"]
  ignore line: [/usr/bin/gmake -f CMakeFiles/cmTryCompileExec3158971283.dir/build.make CMakeFiles/cmTryCompileExec3158971283.dir/build]
  ignore line: [gmake[1]: Entering directory `/w/hallc-scshelf2102/shms/wmhenry/medical/buildTPC/CMakeFiles/CMakeTmp']
  ignore line: [/usr/bin/cmake -E cmake_progress_report /work/hallc/shms/wmhenry/medical/buildTPC/CMakeFiles/CMakeTmp/CMakeFiles 1]
  ignore line: [Building CXX object CMakeFiles/cmTryCompileExec3158971283.dir/CMakeCXXCompilerABI.cpp.o]
  ignore line: [/apps/gcc/9.2.0/bin/g++     -o CMakeFiles/cmTryCompileExec3158971283.dir/CMakeCXXCompilerABI.cpp.o -c /usr/share/cmake/Modules/CMakeCXXCompilerABI.cpp]
  ignore line: [Linking CXX executable cmTryCompileExec3158971283]
  ignore line: [/usr/bin/cmake -E cmake_link_script CMakeFiles/cmTryCompileExec3158971283.dir/link.txt --verbose=1]
  ignore line: [/apps/gcc/9.2.0/bin/g++      -v CMakeFiles/cmTryCompileExec3158971283.dir/CMakeCXXCompilerABI.cpp.o  -o cmTryCompileExec3158971283 -rdynamic  ]
  ignore line: [Using built-in specs.]
  ignore line: [COLLECT_GCC=/apps/gcc/9.2.0/bin/g++]
  ignore line: [COLLECT_LTO_WRAPPER=/u/apps/gcc/9.2.0/bin/../libexec/gcc/x86_64-pc-linux-gnu/9.2.0/lto-wrapper]
  ignore line: [Target: x86_64-pc-linux-gnu]
  ignore line: [Configured with: ../gcc-9.2.0/configure --prefix=/apps/gcc/9.2.0 --with-gmp=/apps/gmp --with-mpfr=/apps/mpfr --with-mpc=/apps/mpc --with-isl=/apps/isl/0.16 --enable-languages=c,c++,fortran]
  ignore line: [Thread model: posix]
  ignore line: [gcc version 9.2.0 (GCC) ]
  ignore line: [COMPILER_PATH=/u/apps/gcc/9.2.0/bin/../libexec/gcc/x86_64-pc-linux-gnu/9.2.0/:/u/apps/gcc/9.2.0/bin/../libexec/gcc/]
  ignore line: [LIBRARY_PATH=/u/apps/gcc/9.2.0/bin/../lib/gcc/x86_64-pc-linux-gnu/9.2.0/:/u/apps/gcc/9.2.0/bin/../lib/gcc/:/u/apps/gcc/9.2.0/bin/../lib/gcc/x86_64-pc-linux-gnu/9.2.0/../../../../lib64/:/lib/../lib64/:/usr/lib/../lib64/:/u/apps/gcc/9.2.0/bin/../lib/gcc/x86_64-pc-linux-gnu/9.2.0/../../../:/lib/:/usr/lib/]
  ignore line: [COLLECT_GCC_OPTIONS='-v' '-o' 'cmTryCompileExec3158971283' '-rdynamic' '-shared-libgcc' '-mtune=generic' '-march=x86-64']
  link line: [ /u/apps/gcc/9.2.0/bin/../libexec/gcc/x86_64-pc-linux-gnu/9.2.0/collect2 -plugin /u/apps/gcc/9.2.0/bin/../libexec/gcc/x86_64-pc-linux-gnu/9.2.0/liblto_plugin.so -plugin-opt=/u/apps/gcc/9.2.0/bin/../libexec/gcc/x86_64-pc-linux-gnu/9.2.0/lto-wrapper -plugin-opt=-fresolution=/tmp/cc7Szp7G.res -plugin-opt=-pass-through=-lgcc_s -plugin-opt=-pass-through=-lgcc -plugin-opt=-pass-through=-lc -plugin-opt=-pass-through=-lgcc_s -plugin-opt=-pass-through=-lgcc --eh-frame-hdr -m elf_x86_64 -export-dynamic -dynamic-linker /lib64/ld-linux-x86-64.so.2 -o cmTryCompileExec3158971283 /lib/../lib64/crt1.o /lib/../lib64/crti.o /u/apps/gcc/9.2.0/bin/../lib/gcc/x86_64-pc-linux-gnu/9.2.0/crtbegin.o -L/u/apps/gcc/9.2.0/bin/../lib/gcc/x86_64-pc-linux-gnu/9.2.0 -L/u/apps/gcc/9.2.0/bin/../lib/gcc -L/u/apps/gcc/9.2.0/bin/../lib/gcc/x86_64-pc-linux-gnu/9.2.0/../../../../lib64 -L/lib/../lib64 -L/usr/lib/../lib64 -L/u/apps/gcc/9.2.0/bin/../lib/gcc/x86_64-pc-linux-gnu/9.2.0/../../.. CMakeFiles/cmTryCompileExec3158971283.dir/CMakeCXXCompilerABI.cpp.o -lstdc++ -lm -lgcc_s -lgcc -lc -lgcc_s -lgcc /u/apps/gcc/9.2.0/bin/../lib/gcc/x86_64-pc-linux-gnu/9.2.0/crtend.o /lib/../lib64/crtn.o]
    arg [/u/apps/gcc/9.2.0/bin/../libexec/gcc/x86_64-pc-linux-gnu/9.2.0/collect2] ==> ignore
    arg [-plugin] ==> ignore
    arg [/u/apps/gcc/9.2.0/bin/../libexec/gcc/x86_64-pc-linux-gnu/9.2.0/liblto_plugin.so] ==> ignore
    arg [-plugin-opt=/u/apps/gcc/9.2.0/bin/../libexec/gcc/x86_64-pc-linux-gnu/9.2.0/lto-wrapper] ==> ignore
    arg [-plugin-opt=-fresolution=/tmp/cc7Szp7G.res] ==> ignore
    arg [-plugin-opt=-pass-through=-lgcc_s] ==> ignore
    arg [-plugin-opt=-pass-through=-lgcc] ==> ignore
    arg [-plugin-opt=-pass-through=-lc] ==> ignore
    arg [-plugin-opt=-pass-through=-lgcc_s] ==> ignore
    arg [-plugin-opt=-pass-through=-lgcc] ==> ignore
    arg [--eh-frame-hdr] ==> ignore
    arg [-m] ==> ignore
    arg [elf_x86_64] ==> ignore
    arg [-export-dynamic] ==> ignore
    arg [-dynamic-linker] ==> ignore
    arg [/lib64/ld-linux-x86-64.so.2] ==> ignore
    arg [-o] ==> ignore
    arg [cmTryCompileExec3158971283] ==> ignore
    arg [/lib/../lib64/crt1.o] ==> ignore
    arg [/lib/../lib64/crti.o] ==> ignore
    arg [/u/apps/gcc/9.2.0/bin/../lib/gcc/x86_64-pc-linux-gnu/9.2.0/crtbegin.o] ==> ignore
    arg [-L/u/apps/gcc/9.2.0/bin/../lib/gcc/x86_64-pc-linux-gnu/9.2.0] ==> dir [/u/apps/gcc/9.2.0/bin/../lib/gcc/x86_64-pc-linux-gnu/9.2.0]
    arg [-L/u/apps/gcc/9.2.0/bin/../lib/gcc] ==> dir [/u/apps/gcc/9.2.0/bin/../lib/gcc]
    arg [-L/u/apps/gcc/9.2.0/bin/../lib/gcc/x86_64-pc-linux-gnu/9.2.0/../../../../lib64] ==> dir [/u/apps/gcc/9.2.0/bin/../lib/gcc/x86_64-pc-linux-gnu/9.2.0/../../../../lib64]
    arg [-L/lib/../lib64] ==> dir [/lib/../lib64]
    arg [-L/usr/lib/../lib64] ==> dir [/usr/lib/../lib64]
    arg [-L/u/apps/gcc/9.2.0/bin/../lib/gcc/x86_64-pc-linux-gnu/9.2.0/../../..] ==> dir [/u/apps/gcc/9.2.0/bin/../lib/gcc/x86_64-pc-linux-gnu/9.2.0/../../..]
    arg [CMakeFiles/cmTryCompileExec3158971283.dir/CMakeCXXCompilerABI.cpp.o] ==> ignore
    arg [-lstdc++] ==> lib [stdc++]
    arg [-lm] ==> lib [m]
    arg [-lgcc_s] ==> lib [gcc_s]
    arg [-lgcc] ==> lib [gcc]
    arg [-lc] ==> lib [c]
    arg [-lgcc_s] ==> lib [gcc_s]
    arg [-lgcc] ==> lib [gcc]
    arg [/u/apps/gcc/9.2.0/bin/../lib/gcc/x86_64-pc-linux-gnu/9.2.0/crtend.o] ==> ignore
    arg [/lib/../lib64/crtn.o] ==> ignore
  remove lib [gcc_s]
  remove lib [gcc]
  remove lib [gcc_s]
  remove lib [gcc]
  collapse library dir [/u/apps/gcc/9.2.0/bin/../lib/gcc/x86_64-pc-linux-gnu/9.2.0] ==> [/u/apps/gcc/9.2.0/lib/gcc/x86_64-pc-linux-gnu/9.2.0]
  collapse library dir [/u/apps/gcc/9.2.0/bin/../lib/gcc] ==> [/u/apps/gcc/9.2.0/lib/gcc]
  collapse library dir [/u/apps/gcc/9.2.0/bin/../lib/gcc/x86_64-pc-linux-gnu/9.2.0/../../../../lib64] ==> [/u/apps/gcc/9.2.0/lib64]
  collapse library dir [/lib/../lib64] ==> [/lib64]
  collapse library dir [/usr/lib/../lib64] ==> [/usr/lib64]
  collapse library dir [/u/apps/gcc/9.2.0/bin/../lib/gcc/x86_64-pc-linux-gnu/9.2.0/../../..] ==> [/u/apps/gcc/9.2.0/lib]
  implicit libs: [stdc++;m;c]
  implicit dirs: [/u/apps/gcc/9.2.0/lib/gcc/x86_64-pc-linux-gnu/9.2.0;/u/apps/gcc/9.2.0/lib/gcc;/u/apps/gcc/9.2.0/lib64;/lib64;/usr/lib64;/u/apps/gcc/9.2.0/lib]
  implicit fwks: []


